#
# A fatal error has been detected by the Java Runtime Environment:
#
#  SIGSEGV (0xb) at pc=0x00007f76ea0f45da, pid=13189, tid=140148946011904
#
# JRE version: Java(TM) SE Runtime Environment (8.0_66-b17) (build 1.8.0_66-b17)
# Java VM: Java HotSpot(TM) 64-Bit Server VM (25.66-b17 mixed mode linux-amd64 compressed oops)
# Problematic frame:
# C  [librxtxSerial.so+0x75da]  Java_gnu_io_RXTXPort_nativeDrain+0xea
#
# Failed to write core dump. Core dumps have been disabled. To enable core dumping, try "ulimit -c unlimited" before starting Java again
#
# If you would like to submit a bug report, please visit:
#   http://bugreport.java.com/bugreport/crash.jsp
# The crash happened outside the Java Virtual Machine in native code.
# See problematic frame for where to report the bug.
#

---------------  T H R E A D  ---------------

Current thread (0x00007f775439e800):  JavaThread "AWT-EventQueue-0" [_thread_in_native, id=13217, stack(0x00007f76f8148000,0x00007f76f8249000)]

siginfo: si_signo: 11 (SIGSEGV), si_code: 1 (SEGV_MAPERR), si_addr: 0xfffffffff814644c

Registers:
RAX=0x000000000000001c, RBX=0x00007f76f8244e90, RCX=0x000000007fffffe4, RDX=0x00007f76f8244eac
RSP=0x00007f76f8244cc0, RBP=0x0000000000000000, RSI=0x00007f76ea0f6e93, RDI=0x00007f76f8244e90
R8 =0x0000000000000000, R9 =0x0000000000000000, R10=0x0000000000000089, R11=0x0000000000000000
R12=0x0000000000000000, R13=0x00007f775439e9f8, R14=0xfffffffff8146440, R15=0x0000000000000022
RIP=0x00007f76ea0f45da, EFLAGS=0x0000000000010282, CSGSFS=0x0000000000000033, ERR=0x0000000000000005
  TRAPNO=0x000000000000000e

Top of Stack: (sp=0x00007f76f8244cc0)
0x00007f76f8244cc0:   00007f76f8244edf 00007f76f8244f98
0x00007f76f8244cd0:   00000003001e4028 00000001001e4028
0x00007f76f8244ce0:   00007f76ea564d40 00007f775439e800
0x00007f76f8244cf0:   00007f76ea564d40 00007f775439e800
0x00007f76f8244d00:   fffffffe00000000 0000000000000000
0x00007f76f8244d10:   0000000000000000 00007f76ea561730
0x00007f76f8244d20:   00007f76ea564d40 00007f775439e800
0x00007f76f8244d30:   00007f76ea564d40 00007f775439e800
0x00007f76f8244d40:   000000b6f8244df0 00007f775439bd70
0x00007f76f8244d50:   00007f76f8244e90 00007f775439eeb0
0x00007f76f8244d60:   00007f77140b1950 00007f775439e800
0x00007f76f8244d70:   00007f76f8244e00 00007f775b86c5c6
0x00007f76f8244d80:   00007f76f8244f90 00007f76f8244edf
0x00007f76f8244d90:   00007f775bedf790 00007f77589b8cd0
0x00007f76f8244da0:   0000000000000003 00000000000003d8
0x00007f76f8244db0:   0000000000001428 00007f7700000009
0x00007f76f8244dc0:   00007f76ea564d40 00007f775439e800
0x00007f76f8244dd0:   00007f76f8244e20 00007f76f8244e40
0x00007f76f8244de0:   00007f76f8244e90 00007f76f8244edf
0x00007f76f8244df0:   00007f76ea0f44f0 00007f76f8244e40
0x00007f76f8244e00:   00007f76f8244e70 00007f775b86c8d2
0x00007f76f8244e10:   00007f77541314c0 000000000000000e
0x00007f76f8244e20:   00007f76f8244e70 00007f775b82e9fe
0x00007f76f8244e30:   00007f76ea564d40 00007f775439e800
0x00007f76f8244e40:   00007f76ea564d40 00007f76f8244e80
0x00007f76f8244e50:   00007f775439e800 00007f76f8244ea0
0x00007f76f8244e60:   00007f76f8244e80 00007f775439e800
0x00007f76f8244e70:   00007f76f8244f00 00007f775b613d6f
0x00007f76f8244e80:   00007f76ea564d40 00007f775439e800
0x00007f76f8244e90:   74726f5058545852 29286e696172643a
0x00007f76f8244ea0:   736e727574657220 00007f000a30203a
0x00007f76f8244eb0:   0000000000000000 00007f76ea564d40 

Instructions: (pc=0x00007f76ea0f45da)
0x00007f76ea0f45ba:   00 00 48 8d 35 7f 25 00 00 48 89 c1 4c 89 ef e8
0x00007f76ea0f45ca:   a2 c2 ff ff 80 7c 24 07 00 75 3b 4d 85 f6 74 36
0x00007f76ea0f45da:   45 8b 7e 0c 45 85 ff 74 2d 48 8d 5c 24 10 48 8d
0x00007f76ea0f45ea:   54 24 08 4c 89 ee 4c 89 f1 48 89 df e8 a5 c3 ff 

Register to memory mapping:

RAX=0x000000000000001c is an unknown value
RBX=0x00007f76f8244e90 is pointing into the stack for thread: 0x00007f775439e800
RCX=0x000000007fffffe4 is an unknown value
RDX=0x00007f76f8244eac is pointing into the stack for thread: 0x00007f775439e800
RSP=0x00007f76f8244cc0 is pointing into the stack for thread: 0x00007f775439e800
RBP=0x0000000000000000 is an unknown value
RSI=0x00007f76ea0f6e93: <offset 0x9e93> in /usr/lib/jvm/java-8-oracle/jre/lib/amd64/librxtxSerial.so at 0x00007f76ea0ed000
RDI=0x00007f76f8244e90 is pointing into the stack for thread: 0x00007f775439e800
R8 =0x0000000000000000 is an unknown value
R9 =0x0000000000000000 is an unknown value
R10=0x0000000000000089 is an unknown value
R11=0x0000000000000000 is an unknown value
R12=0x0000000000000000 is an unknown value
R13=0x00007f775439e9f8 is an unknown value
R14=0xfffffffff8146440 is an unknown value
R15=0x0000000000000022 is an unknown value


Stack: [0x00007f76f8148000,0x00007f76f8249000],  sp=0x00007f76f8244cc0,  free space=1011k
Native frames: (J=compiled Java code, j=interpreted, Vv=VM code, C=native code)
C  [librxtxSerial.so+0x75da]  Java_gnu_io_RXTXPort_nativeDrain+0xea

Java frames: (J=compiled Java code, j=interpreted, Vv=VM code)
j  gnu.io.RXTXPort.nativeDrain(Z)Z+0
j  gnu.io.RXTXPort$SerialOutputStream.flush()V+92
j  main_Package.Main_Frame.brightness_sliderStateChanged(Ljavax/swing/event/ChangeEvent;)V+50
j  main_Package.Main_Frame.access$1500(Lmain_Package/Main_Frame;Ljavax/swing/event/ChangeEvent;)V+2
j  main_Package.Main_Frame$17.stateChanged(Ljavax/swing/event/ChangeEvent;)V+5
j  javax.swing.JSlider.fireStateChanged()V+56
j  javax.swing.JSlider$ModelListener.stateChanged(Ljavax/swing/event/ChangeEvent;)V+4
j  javax.swing.DefaultBoundedRangeModel.fireStateChanged()V+56
j  javax.swing.DefaultBoundedRangeModel.setRangeProperties(IIIIZ)V+130
j  javax.swing.DefaultBoundedRangeModel.setValueIsAdjusting(Z)V+18
j  javax.swing.JSlider.setValueIsAdjusting(Z)V+14
j  javax.swing.plaf.basic.BasicSliderUI$TrackListener.mouseReleased(Ljava/awt/event/MouseEvent;)V+46
j  javax.swing.plaf.synth.SynthSliderUI$SynthTrackListener.mouseReleased(Ljava/awt/event/MouseEvent;)V+2
j  java.awt.Component.processMouseEvent(Ljava/awt/event/MouseEvent;)V+64
j  javax.swing.JComponent.processMouseEvent(Ljava/awt/event/MouseEvent;)V+23
j  java.awt.Component.processEvent(Ljava/awt/AWTEvent;)V+81
j  java.awt.Container.processEvent(Ljava/awt/AWTEvent;)V+18
J 1275 C1 java.awt.Component.dispatchEventImpl(Ljava/awt/AWTEvent;)V (883 bytes) @ 0x00007f77453fbcdc [0x00007f77453f6840+0x549c]
J 1287 C1 java.awt.Container.dispatchEventImpl(Ljava/awt/AWTEvent;)V (129 bytes) @ 0x00007f77454039a4 [0x00007f7745403860+0x144]
J 1181 C1 java.awt.Component.dispatchEvent(Ljava/awt/AWTEvent;)V (6 bytes) @ 0x00007f77453bca04 [0x00007f77453bc900+0x104]
j  java.awt.LightweightDispatcher.retargetMouseEvent(Ljava/awt/Component;ILjava/awt/event/MouseEvent;)V+327
J 1408 C1 java.awt.LightweightDispatcher.processMouseEvent(Ljava/awt/event/MouseEvent;)Z (286 bytes) @ 0x00007f77454839c4 [0x00007f77454822a0+0x1724]
j  java.awt.LightweightDispatcher.dispatchEvent(Ljava/awt/AWTEvent;)Z+50
J 1287 C1 java.awt.Container.dispatchEventImpl(Ljava/awt/AWTEvent;)V (129 bytes) @ 0x00007f7745403944 [0x00007f7745403860+0xe4]
J 1346 C1 java.awt.Window.dispatchEventImpl(Ljava/awt/AWTEvent;)V (23 bytes) @ 0x00007f7745456bc4 [0x00007f77454565e0+0x5e4]
J 1181 C1 java.awt.Component.dispatchEvent(Ljava/awt/AWTEvent;)V (6 bytes) @ 0x00007f77453bca04 [0x00007f77453bc900+0x104]
j  java.awt.EventQueue.dispatchEventImpl(Ljava/awt/AWTEvent;Ljava/lang/Object;)V+41
j  java.awt.EventQueue.access$500(Ljava/awt/EventQueue;Ljava/awt/AWTEvent;Ljava/lang/Object;)V+3
j  java.awt.EventQueue$3.run()Ljava/lang/Void;+32
j  java.awt.EventQueue$3.run()Ljava/lang/Object;+1
v  ~StubRoutines::call_stub
J 1078  java.security.AccessController.doPrivileged(Ljava/security/PrivilegedAction;Ljava/security/AccessControlContext;)Ljava/lang/Object; (0 bytes) @ 0x00007f7745380be3 [0x00007f7745380b80+0x63]
J 1329 C1 java.awt.EventQueue$4.run()Ljava/lang/Object; (5 bytes) @ 0x00007f774544b6e4 [0x00007f774544b2c0+0x424]
v  ~StubRoutines::call_stub
J 1078  java.security.AccessController.doPrivileged(Ljava/security/PrivilegedAction;Ljava/security/AccessControlContext;)Ljava/lang/Object; (0 bytes) @ 0x00007f7745380be3 [0x00007f7745380b80+0x63]
J 1286 C1 java.awt.EventQueue.dispatchEvent(Ljava/awt/AWTEvent;)V (80 bytes) @ 0x00007f7745408134 [0x00007f77454072c0+0xe74]
J 1311 C1 java.awt.EventDispatchThread.pumpOneEventForFilters(I)V (295 bytes) @ 0x00007f774541776c [0x00007f7745415ac0+0x1cac]
j  java.awt.EventDispatchThread.pumpEventsForFilter(ILjava/awt/Conditional;Ljava/awt/EventFilter;)V+35
j  java.awt.EventDispatchThread.pumpEventsForHierarchy(ILjava/awt/Conditional;Ljava/awt/Component;)V+11
j  java.awt.EventDispatchThread.pumpEvents(ILjava/awt/Conditional;)V+4
j  java.awt.EventDispatchThread.pumpEvents(Ljava/awt/Conditional;)V+3
j  java.awt.EventDispatchThread.run()V+9
v  ~StubRoutines::call_stub

---------------  P R O C E S S  ---------------

Java Threads: ( => current thread )
  0x00007f76d41ab000 JavaThread "TimerQueue" daemon [_thread_blocked, id=13223, stack(0x00007f76e9fec000,0x00007f76ea0ed000)]
  0x00007f76d41b4800 JavaThread "Thread-0" [_thread_in_native, id=13222, stack(0x00007f76f8047000,0x00007f76f8148000)]
  0x00007f7754007800 JavaThread "DestroyJavaVM" [_thread_blocked, id=13194, stack(0x00007f775ca5f000,0x00007f775cb60000)]
=>0x00007f775439e800 JavaThread "AWT-EventQueue-0" [_thread_in_native, id=13217, stack(0x00007f76f8148000,0x00007f76f8249000)]
  0x00007f775439c800 JavaThread "AWT-Shutdown" [_thread_blocked, id=13216, stack(0x00007f76f8249000,0x00007f76f834a000)]
  0x00007f7754227000 JavaThread "AWT-XAWT" daemon [_thread_in_native, id=13209, stack(0x00007f77216b7000,0x00007f77217b8000)]
  0x00007f7754208000 JavaThread "Java2D Disposer" daemon [_thread_blocked, id=13208, stack(0x00007f7721bc8000,0x00007f7721cc9000)]
  0x00007f77540c0800 JavaThread "Service Thread" daemon [_thread_blocked, id=13206, stack(0x00007f773c0ff000,0x00007f773c200000)]
  0x00007f77540bb800 JavaThread "C1 CompilerThread2" daemon [_thread_blocked, id=13205, stack(0x00007f774408e000,0x00007f774418f000)]
  0x00007f77540b9800 JavaThread "C2 CompilerThread1" daemon [_thread_blocked, id=13204, stack(0x00007f774418f000,0x00007f7744290000)]
  0x00007f77540b6800 JavaThread "C2 CompilerThread0" daemon [_thread_blocked, id=13203, stack(0x00007f7744290000,0x00007f7744391000)]
  0x00007f77540b5000 JavaThread "Signal Dispatcher" daemon [_thread_blocked, id=13202, stack(0x00007f7744391000,0x00007f7744492000)]
  0x00007f775407d000 JavaThread "Finalizer" daemon [_thread_blocked, id=13201, stack(0x00007f7744492000,0x00007f7744593000)]
  0x00007f775407b000 JavaThread "Reference Handler" daemon [_thread_blocked, id=13200, stack(0x00007f7744593000,0x00007f7744694000)]

Other Threads:
  0x00007f7754076000 VMThread [stack: 0x00007f7744694000,0x00007f7744795000] [id=13199]
  0x00007f77540c3800 WatcherThread [stack: 0x00007f772381c000,0x00007f772391d000] [id=13207]

VM state:not at safepoint (normal execution)

VM Mutex/Monitor currently owned by a thread: None

Heap:
 PSYoungGen      total 36864K, used 23664K [0x00000000d6b00000, 0x00000000d9400000, 0x0000000100000000)
  eden space 31744K, 74% used [0x00000000d6b00000,0x00000000d821c158,0x00000000d8a00000)
  from space 5120K, 0% used [0x00000000d8f00000,0x00000000d8f00000,0x00000000d9400000)
  to   space 5120K, 0% used [0x00000000d8a00000,0x00000000d8a00000,0x00000000d8f00000)
 ParOldGen       total 84992K, used 0K [0x0000000084000000, 0x0000000089300000, 0x00000000d6b00000)
  object space 84992K, 0% used [0x0000000084000000,0x0000000084000000,0x0000000089300000)
 Metaspace       used 15183K, capacity 15448K, committed 15616K, reserved 1062912K
  class space    used 1884K, capacity 1970K, committed 2048K, reserved 1048576K

Card table byte_map: [0x00007f7759c89000,0x00007f775a06a000] byte_map_base: 0x00007f7759869000

Marking Bits: (ParMarkBitMap*) 0x00007f775bf3f020
 Begin Bits: [0x00007f773c200000, 0x00007f773e100000)
 End Bits:   [0x00007f773e100000, 0x00007f7740000000)

Polling page: 0x00007f775cb8c000

CodeCache: size=245760Kb used=4617Kb max_used=4617Kb free=241142Kb
 bounds [0x00007f7745000000, 0x00007f7745490000, 0x00007f7754000000]
 total_blobs=1978 nmethods=1408 adapters=483
 compilation: enabled

Compilation events (10 events):
Event: 9.765 Thread 0x00007f77540bb800 1406       3       java.awt.Rectangle::<init> (9 bytes)
Event: 9.766 Thread 0x00007f77540bb800 nmethod 1406 0x00007f7745481910 code [0x00007f7745481a80, 0x00007f7745481d70]
Event: 9.776 Thread 0x00007f77540bb800 1408       3       java.awt.LightweightDispatcher::processMouseEvent (286 bytes)
Event: 9.779 Thread 0x00007f77540bb800 nmethod 1408 0x00007f7745481f10 code [0x00007f77454822a0, 0x00007f77454840b8]
Event: 9.779 Thread 0x00007f77540bb800 1409       1       javax.swing.JComponent::isPaintingOrigin (2 bytes)
Event: 9.780 Thread 0x00007f77540bb800 nmethod 1409 0x00007f7745484c10 code [0x00007f7745484d60, 0x00007f7745484e70]
Event: 9.780 Thread 0x00007f77540bb800 1410       1       sun.awt.image.SunVolatileImage::getHeight (5 bytes)
Event: 9.780 Thread 0x00007f77540bb800 nmethod 1410 0x00007f7745484ed0 code [0x00007f7745485020, 0x00007f7745485130]
Event: 9.792 Thread 0x00007f77540bb800 1411       3       com.sun.java.swing.plaf.gtk.GTKStyle::getPainter (4 bytes)
Event: 9.792 Thread 0x00007f77540bb800 nmethod 1411 0x00007f7745485190 code [0x00007f7745485300, 0x00007f7745485450]

GC Heap History (0 events):
No events

Deoptimization events (9 events):
Event: 1.809 Thread 0x00007f775439e800 Uncommon trap: reason=class_check action=maybe_recompile pc=0x00007f774515ef30 method=java.lang.String.equals(Ljava/lang/Object;)Z @ 8
Event: 1.809 Thread 0x00007f775439e800 Uncommon trap: reason=class_check action=maybe_recompile pc=0x00007f774515ef30 method=java.lang.String.equals(Ljava/lang/Object;)Z @ 8
Event: 1.809 Thread 0x00007f775439e800 Uncommon trap: reason=class_check action=maybe_recompile pc=0x00007f774515ef30 method=java.lang.String.equals(Ljava/lang/Object;)Z @ 8
Event: 1.809 Thread 0x00007f775439e800 Uncommon trap: reason=class_check action=maybe_recompile pc=0x00007f774515ef30 method=java.lang.String.equals(Ljava/lang/Object;)Z @ 8
Event: 2.119 Thread 0x00007f76d40a8800 Uncommon trap: reason=unstable_if action=reinterpret pc=0x00007f77451b72a8 method=java.util.Properties.loadConvert([CII[C)Ljava/lang/String; @ 57
Event: 2.158 Thread 0x00007f76d40a8800 Uncommon trap: reason=unstable_if action=reinterpret pc=0x00007f77451b5e88 method=java.lang.String.<init>([CII)V @ 18
Event: 2.369 Thread 0x00007f775439e800 Uncommon trap: reason=unstable_if action=reinterpret pc=0x00007f77452d30c0 method=java.lang.CharacterData.of(I)Ljava/lang/CharacterData; @ 4
Event: 2.577 Thread 0x00007f775439e800 Uncommon trap: reason=class_check action=maybe_recompile pc=0x00007f77452f64a0 method=java.util.HashMap.putVal(ILjava/lang/Object;Ljava/lang/Object;ZZ)Ljava/lang/Object; @ 203
Event: 5.916 Thread 0x00007f775439e800 Uncommon trap: reason=unstable_if action=reinterpret pc=0x00007f77452a50a0 method=java.io.UnixFileSystem.normalize(Ljava/lang/String;)Ljava/lang/String; @ 60

Internal exceptions (10 events):
Event: 0.394 Thread 0x00007f7754007800 Exception <a 'java/lang/NoSuchFieldError': method resolution failed> (0x00000000d6db2ab8) thrown at [/HUDSON/workspace/8-2-build-linux-amd64/jdk8u66/4988/hotspot/src/share/vm/prims/methodHandles.cpp, line 1146]
Event: 0.406 Thread 0x00007f7754007800 Exception <a 'java/lang/NoSuchFieldError': method resolution failed> (0x00000000d6dc0208) thrown at [/HUDSON/workspace/8-2-build-linux-amd64/jdk8u66/4988/hotspot/src/share/vm/prims/methodHandles.cpp, line 1146]
Event: 0.511 Thread 0x00007f7754007800 Exception <a 'java/io/FileNotFoundException'> (0x00000000d6e406a8) thrown at [/HUDSON/workspace/8-2-build-linux-amd64/jdk8u66/4988/hotspot/src/share/vm/prims/jni.cpp, line 709]
Event: 0.511 Thread 0x00007f7754007800 Exception <a 'java/io/FileNotFoundException'> (0x00000000d6e41048) thrown at [/HUDSON/workspace/8-2-build-linux-amd64/jdk8u66/4988/hotspot/src/share/vm/prims/jni.cpp, line 709]
Event: 2.896 Thread 0x00007f775439e800 Exception <a 'java/lang/UnsupportedOperationException': > (0x00000000d7e3aa60) thrown at [/HUDSON/workspace/8-2-build-linux-amd64/jdk8u66/4988/hotspot/src/share/vm/prims/jni.cpp, line 735]
Event: 5.334 Thread 0x00007f775439e800 Exception <a 'java/lang/UnsupportedOperationException': > (0x00000000d7f3a510) thrown at [/HUDSON/workspace/8-2-build-linux-amd64/jdk8u66/4988/hotspot/src/share/vm/prims/jni.cpp, line 735]
Event: 5.916 Thread 0x00007f775439e800 Exception <a 'java/io/FileNotFoundException'> (0x00000000d7fb3f30) thrown at [/HUDSON/workspace/8-2-build-linux-amd64/jdk8u66/4988/hotspot/src/share/vm/prims/jni.cpp, line 709]
Event: 5.960 Thread 0x00007f775439e800 Exception <a 'java/io/FileNotFoundException'> (0x00000000d7fc8368) thrown at [/HUDSON/workspace/8-2-build-linux-amd64/jdk8u66/4988/hotspot/src/share/vm/prims/jni.cpp, line 709]
Event: 5.964 Thread 0x00007f775439e800 Exception <a 'java/io/FileNotFoundException'> (0x00000000d7fdaca8) thrown at [/HUDSON/workspace/8-2-build-linux-amd64/jdk8u66/4988/hotspot/src/share/vm/prims/jni.cpp, line 709]
Event: 5.981 Thread 0x00007f775439e800 Exception <a 'java/io/FileNotFoundException'> (0x00000000d7feec88) thrown at [/HUDSON/workspace/8-2-build-linux-amd64/jdk8u66/4988/hotspot/src/share/vm/prims/jni.cpp, line 709]

Events (10 events):
Event: 9.815 loading class javax/swing/TimerQueue done
Event: 9.815 loading class java/util/concurrent/DelayQueue
Event: 9.815 loading class java/util/concurrent/BlockingQueue
Event: 9.815 loading class java/util/concurrent/BlockingQueue done
Event: 9.815 loading class java/util/concurrent/DelayQueue done
Event: 9.815 loading class java/util/PriorityQueue
Event: 9.816 loading class java/util/PriorityQueue done
Event: 9.816 loading class javax/swing/TimerQueue$1
Event: 9.816 loading class javax/swing/TimerQueue$1 done
Event: 9.816 Thread 0x00007f76d41ab000 Thread added: 0x00007f76d41ab000


Dynamic libraries:
00400000-00401000 r-xp 00000000 08:06 275664                             /usr/lib/jvm/java-8-oracle/bin/java
00600000-00601000 rw-p 00000000 08:06 275664                             /usr/lib/jvm/java-8-oracle/bin/java
0110d000-0112e000 rw-p 00000000 00:00 0                                  [heap]
84000000-89300000 rw-p 00000000 00:00 0 
89300000-d6b00000 ---p 00000000 00:00 0 
d6b00000-d9400000 rw-p 00000000 00:00 0 
d9400000-100000000 ---p 00000000 00:00 0 
100000000-100200000 rw-p 00000000 00:00 0 
100200000-140000000 ---p 00000000 00:00 0 
7f76d4000000-7f76d435e000 rw-p 00000000 00:00 0 
7f76d435e000-7f76d8000000 ---p 00000000 00:00 0 
7f76d8000000-7f76d8021000 rw-p 00000000 00:00 0 
7f76d8021000-7f76dc000000 ---p 00000000 00:00 0 
7f76dc000000-7f76dc022000 rw-p 00000000 00:00 0 
7f76dc022000-7f76e0000000 ---p 00000000 00:00 0 
7f76e0000000-7f76e0021000 rw-p 00000000 00:00 0 
7f76e0021000-7f76e4000000 ---p 00000000 00:00 0 
7f76e4000000-7f76e405a000 rw-p 00000000 00:00 0 
7f76e405a000-7f76e8000000 ---p 00000000 00:00 0 
7f76e9fec000-7f76e9fef000 ---p 00000000 00:00 0 
7f76e9fef000-7f76ea0ed000 rw-p 00000000 00:00 0                          [stack:13223]
7f76ea0ed000-7f76ea0fa000 r-xp 00000000 08:06 262505                     /usr/lib/jvm/java-8-oracle/jre/lib/amd64/librxtxSerial.so
7f76ea0fa000-7f76ea2f9000 ---p 0000d000 08:06 262505                     /usr/lib/jvm/java-8-oracle/jre/lib/amd64/librxtxSerial.so
7f76ea2f9000-7f76ea2fa000 rw-p 0000c000 08:06 262505                     /usr/lib/jvm/java-8-oracle/jre/lib/amd64/librxtxSerial.so
7f76ea303000-7f76ea310000 rw-s 00000000 00:05 22773780                   /SYSV00000000 (deleted)
7f76ea310000-7f76ea410000 rw-s 00000000 00:05 21823507                   /SYSV00000000 (deleted)
7f76ea41e000-7f76ea47e000 rw-s 00000000 00:05 21757969                   /SYSV00000000 (deleted)
7f76ea47e000-7f76ea5be000 rw-p 00000000 00:00 0 
7f76ea5be000-7f76ea67e000 ---p 00000000 00:00 0 
7f76ea67e000-7f76ea68f000 r--s 00000000 08:06 791322                     /usr/share/fonts/type1/gsfonts/n019023l.pfb
7f76ea68f000-7f76ea69f000 r--s 00000000 08:06 791283                     /usr/share/fonts/type1/gsfonts/a010033l.pfb
7f76ea69f000-7f76ea6a8000 r--s 00000000 08:06 791376                     /usr/share/fonts/type1/gsfonts/s050000l.pfb
7f76ea6a8000-7f76ea6c3000 r--s 00000000 08:06 791370                     /usr/share/fonts/type1/gsfonts/p052023l.pfb
7f76ea6c3000-7f76ea6de000 r--s 00000000 08:06 791304                     /usr/share/fonts/type1/gsfonts/c059016l.pfb
7f76ea6de000-7f76ea6e7000 r--s 00000000 08:06 919440                     /usr/share/fonts/X11/Type1/c0633bt_.pfb
7f76ea6e7000-7f76ea6f8000 r--s 00000000 08:06 791286                     /usr/share/fonts/type1/gsfonts/a010035l.pfb
7f76ea6f8000-7f76ea70a000 r--s 00000000 08:06 791328                     /usr/share/fonts/type1/gsfonts/n019043l.pfb
7f76ea70a000-7f76ea722000 r--s 00000000 08:06 791352                     /usr/share/fonts/type1/gsfonts/n022003l.pfb
7f76ea722000-7f76ea735000 r--s 00000000 08:06 791337                     /usr/share/fonts/type1/gsfonts/n019064l.pfb
7f76ea735000-7f76ea73f000 r--s 00000000 08:06 919858                     /usr/share/fonts/X11/Type1/c0419bt_.pfb
7f76ea73f000-7f76ea748000 r--s 00000000 08:06 919856                     /usr/share/fonts/X11/Type1/c0632bt_.pfb
7f76ea748000-7f76ea760000 r--s 00000000 08:06 791310                     /usr/share/fonts/type1/gsfonts/c059036l.pfb
7f76ea760000-7f76ea771000 r--s 00000000 08:06 791325                     /usr/share/fonts/type1/gsfonts/n019024l.pfb
7f76ea771000-7f76ea78c000 r--s 00000000 08:06 791367                     /usr/share/fonts/type1/gsfonts/p052004l.pfb
7f76ea78c000-7f76ea7a5000 r--s 00000000 08:06 791355                     /usr/share/fonts/type1/gsfonts/n022004l.pfb
7f76ea7a5000-7f76ea7bb000 r--s 00000000 08:06 791358                     /usr/share/fonts/type1/gsfonts/n022023l.pfb
7f76ea7bb000-7f76ea7d5000 r--s 00000000 08:06 791301                     /usr/share/fonts/type1/gsfonts/c059013l.pfb
7f76ea7d5000-7f76ea7e5000 r--s 00000000 08:06 791277                     /usr/share/fonts/type1/gsfonts/a010013l.pfb
7f76ea7e5000-7f76ea7f5000 r--s 00000000 08:06 791280                     /usr/share/fonts/type1/gsfonts/a010015l.pfb
7f76ea7f5000-7f76ea80c000 r--s 00000000 08:06 791346                     /usr/share/fonts/type1/gsfonts/n021023l.pfb
7f76ea80c000-7f76ea825000 r--s 00000000 08:06 791343                     /usr/share/fonts/type1/gsfonts/n021004l.pfb
7f76ea825000-7f76ea82f000 r--s 00000000 08:06 919851                     /usr/share/fonts/X11/Type1/c0583bt_.pfb
7f76ea82f000-7f76ea848000 r--s 00000000 08:06 791340                     /usr/share/fonts/type1/gsfonts/n021003l.pfb
7f76ea848000-7f76ea851000 r--s 00000000 08:06 919850                     /usr/share/fonts/X11/Type1/c0648bt_.pfb
7f76ea851000-7f76ea86d000 r--s 00000000 08:06 791373                     /usr/share/fonts/type1/gsfonts/p052024l.pfb
7f76ea86d000-7f76ea87f000 r--s 00000000 08:06 791331                     /usr/share/fonts/type1/gsfonts/n019044l.pfb
7f76ea87f000-7f76ea88b000 r--s 00000000 08:06 791313                     /usr/share/fonts/type1/gsfonts/d050000l.pfb
7f76ea88b000-7f76ea8a1000 r--s 00000000 08:06 791361                     /usr/share/fonts/type1/gsfonts/n022024l.pfb
7f76ea8a1000-7f76ea8b7000 r--s 00000000 08:06 791349                     /usr/share/fonts/type1/gsfonts/n021024l.pfb
7f76ea8b7000-7f76ea8c8000 r--s 00000000 08:06 791334                     /usr/share/fonts/type1/gsfonts/n019063l.pfb
7f76ea8c8000-7f76ea8e1000 r--s 00000000 08:06 791289                     /usr/share/fonts/type1/gsfonts/b018012l.pfb
7f76ea8e1000-7f76ea8f5000 r--s 00000000 08:06 791316                     /usr/share/fonts/type1/gsfonts/n019003l.pfb
7f76ea8f5000-7f76ea908000 r--s 00000000 08:06 791292                     /usr/share/fonts/type1/gsfonts/b018015l.pfb
7f76ea908000-7f76ea91a000 r--s 00000000 08:06 791298                     /usr/share/fonts/type1/gsfonts/b018035l.pfb
7f76ea91a000-7f76ea935000 r--s 00000000 08:06 791364                     /usr/share/fonts/type1/gsfonts/p052003l.pfb
7f76ea935000-7f76ea94a000 r--s 00000000 08:06 791295                     /usr/share/fonts/type1/gsfonts/b018032l.pfb
7f76ea94a000-7f76ea962000 r--s 00000000 08:06 791307                     /usr/share/fonts/type1/gsfonts/c059033l.pfb
7f76ea962000-7f76ea974000 r--s 00000000 08:06 791319                     /usr/share/fonts/type1/gsfonts/n019004l.pfb
7f76ea974000-7f76ea97e000 r--s 00000000 08:06 919857                     /usr/share/fonts/X11/Type1/c0582bt_.pfb
7f76ea97e000-7f76eab7e000 rw-p 00000000 00:00 0 
7f76eab7e000-7f76eabe7000 r-xp 00000000 08:06 275832                     /usr/lib/jvm/java-8-oracle/jre/lib/amd64/libt2k.so
7f76eabe7000-7f76eade7000 ---p 00069000 08:06 275832                     /usr/lib/jvm/java-8-oracle/jre/lib/amd64/libt2k.so
7f76eade7000-7f76eadee000 rw-p 00069000 08:06 275832                     /usr/lib/jvm/java-8-oracle/jre/lib/amd64/libt2k.so
7f76eadee000-7f76eaffe000 rw-p 00000000 00:00 0 
7f76eaffe000-7f76eafff000 ---p 00000000 00:00 0 
7f76eafff000-7f76eb7ff000 rw-p 00000000 00:00 0                          [stack:13214]
7f76eb7ff000-7f76eb800000 ---p 00000000 00:00 0 
7f76eb800000-7f76ec000000 rw-p 00000000 00:00 0 
7f76ec000000-7f76ec021000 rw-p 00000000 00:00 0 
7f76ec021000-7f76f0000000 ---p 00000000 00:00 0 
7f76f0000000-7f76f0022000 rw-p 00000000 00:00 0 
7f76f0022000-7f76f4000000 ---p 00000000 00:00 0 
7f76f4000000-7f76f4021000 rw-p 00000000 00:00 0 
7f76f4021000-7f76f8000000 ---p 00000000 00:00 0 
7f76f8001000-7f76f8018000 r--s 00000000 08:06 791379                     /usr/share/fonts/type1/gsfonts/z003034l.pfb
7f76f8018000-7f76f802e000 r--s 00000000 08:06 791358                     /usr/share/fonts/type1/gsfonts/n022023l.pfb
7f76f802e000-7f76f8047000 r--s 00000000 08:06 791343                     /usr/share/fonts/type1/gsfonts/n021004l.pfb
7f76f8047000-7f76f804a000 ---p 00000000 00:00 0 
7f76f804a000-7f76f8148000 rw-p 00000000 00:00 0                          [stack:13222]
7f76f8148000-7f76f814b000 ---p 00000000 00:00 0 
7f76f814b000-7f76f8249000 rw-p 00000000 00:00 0                          [stack:13217]
7f76f8249000-7f76f824c000 ---p 00000000 00:00 0 
7f76f824c000-7f76f834a000 rw-p 00000000 00:00 0                          [stack:13216]
7f76f834a000-7f76f837f000 r-xp 00000000 08:06 657876                     /usr/lib/x86_64-linux-gnu/gvfs/libgvfscommon.so
7f76f837f000-7f76f857f000 ---p 00035000 08:06 657876                     /usr/lib/x86_64-linux-gnu/gvfs/libgvfscommon.so
7f76f857f000-7f76f8584000 r--p 00035000 08:06 657876                     /usr/lib/x86_64-linux-gnu/gvfs/libgvfscommon.so
7f76f8584000-7f76f8585000 rw-p 0003a000 08:06 657876                     /usr/lib/x86_64-linux-gnu/gvfs/libgvfscommon.so
7f76f8585000-7f76f85b5000 r-xp 00000000 08:06 657879                     /usr/lib/x86_64-linux-gnu/gio/modules/libgvfsdbus.so
7f76f85b5000-7f76f87b5000 ---p 00030000 08:06 657879                     /usr/lib/x86_64-linux-gnu/gio/modules/libgvfsdbus.so
7f76f87b5000-7f76f87b6000 r--p 00030000 08:06 657879                     /usr/lib/x86_64-linux-gnu/gio/modules/libgvfsdbus.so
7f76f87b6000-7f76f87b7000 rw-p 00031000 08:06 657879                     /usr/lib/x86_64-linux-gnu/gio/modules/libgvfsdbus.so
7f76f87b7000-7f76f87b8000 rw-p 00000000 00:00 0 
7f76f87b8000-7f76f8810000 r-xp 00000000 08:06 400790                     /usr/lib/x86_64-linux-gnu/libibus-1.0.so.5.0.510
7f76f8810000-7f76f8a10000 ---p 00058000 08:06 400790                     /usr/lib/x86_64-linux-gnu/libibus-1.0.so.5.0.510
7f76f8a10000-7f76f8a12000 r--p 00058000 08:06 400790                     /usr/lib/x86_64-linux-gnu/libibus-1.0.so.5.0.510
7f76f8a12000-7f76f8a13000 rw-p 0005a000 08:06 400790                     /usr/lib/x86_64-linux-gnu/libibus-1.0.so.5.0.510
7f76f8a13000-7f76f8a14000 rw-p 00000000 00:00 0 
7f76f8a14000-7f76f8a1a000 r-xp 00000000 08:06 662341                     /usr/lib/x86_64-linux-gnu/gtk-2.0/2.10.0/immodules/im-ibus.so
7f76f8a1a000-7f76f8c1a000 ---p 00006000 08:06 662341                     /usr/lib/x86_64-linux-gnu/gtk-2.0/2.10.0/immodules/im-ibus.so
7f76f8c1a000-7f76f8c1b000 r--p 00006000 08:06 662341                     /usr/lib/x86_64-linux-gnu/gtk-2.0/2.10.0/immodules/im-ibus.so
7f76f8c1b000-7f76f8c1c000 rw-p 00007000 08:06 662341                     /usr/lib/x86_64-linux-gnu/gtk-2.0/2.10.0/immodules/im-ibus.so
7f76f8c1c000-7f76f8c2d000 r-xp 00000000 08:06 275864                     /usr/lib/jvm/java-8-oracle/jre/lib/amd64/libnio.so
7f76f8c2d000-7f76f8e2c000 ---p 00011000 08:06 275864                     /usr/lib/jvm/java-8-oracle/jre/lib/amd64/libnio.so
7f76f8e2c000-7f76f8e2d000 rw-p 00010000 08:06 275864                     /usr/lib/jvm/java-8-oracle/jre/lib/amd64/libnio.so
7f76f8e2d000-7f76f912e000 rw-p 00000000 00:00 0 
7f76f912e000-7f76f9144000 r-xp 00000000 08:06 275861                     /usr/lib/jvm/java-8-oracle/jre/lib/amd64/libnet.so
7f76f9144000-7f76f9344000 ---p 00016000 08:06 275861                     /usr/lib/jvm/java-8-oracle/jre/lib/amd64/libnet.so
7f76f9344000-7f76f9345000 rw-p 00016000 08:06 275861                     /usr/lib/jvm/java-8-oracle/jre/lib/amd64/libnet.so
7f76f9345000-7f76f9346000 ---p 00000000 00:00 0 
7f76f9346000-7f76f9b46000 rw-p 00000000 00:00 0                          [stack:13212]
7f76f9b46000-7f76f9b47000 ---p 00000000 00:00 0 
7f76f9b47000-7f76fa347000 rw-p 00000000 00:00 0                          [stack:13211]
7f76fa347000-7f76fa348000 ---p 00000000 00:00 0 
7f76fa348000-7f76fab48000 rw-p 00000000 00:00 0                          [stack:13210]
7f76fab48000-7f76fab53000 r-xp 00000000 08:06 657833                     /usr/lib/x86_64-linux-gnu/gio/modules/libdconfsettings.so
7f76fab53000-7f76fad53000 ---p 0000b000 08:06 657833                     /usr/lib/x86_64-linux-gnu/gio/modules/libdconfsettings.so
7f76fad53000-7f76fad54000 r--p 0000b000 08:06 657833                     /usr/lib/x86_64-linux-gnu/gio/modules/libdconfsettings.so
7f76fad54000-7f76fad55000 rw-p 0000c000 08:06 657833                     /usr/lib/x86_64-linux-gnu/gio/modules/libdconfsettings.so
7f76fad55000-7f76fad5c000 r-xp 00000000 08:06 401166                     /usr/lib/x86_64-linux-gnu/libogg.so.0.8.2
7f76fad5c000-7f76faf5c000 ---p 00007000 08:06 401166                     /usr/lib/x86_64-linux-gnu/libogg.so.0.8.2
7f76faf5c000-7f76faf5d000 r--p 00007000 08:06 401166                     /usr/lib/x86_64-linux-gnu/libogg.so.0.8.2
7f76faf5d000-7f76faf5e000 rw-p 00008000 08:06 401166                     /usr/lib/x86_64-linux-gnu/libogg.so.0.8.2
7f76faf5e000-7f76faf89000 r-xp 00000000 08:06 401468                     /usr/lib/x86_64-linux-gnu/libvorbis.so.0.4.7
7f76faf89000-7f76fb188000 ---p 0002b000 08:06 401468                     /usr/lib/x86_64-linux-gnu/libvorbis.so.0.4.7
7f76fb188000-7f76fb189000 r--p 0002a000 08:06 401468                     /usr/lib/x86_64-linux-gnu/libvorbis.so.0.4.7
7f76fb189000-7f76fb18a000 rw-p 0002b000 08:06 401468                     /usr/lib/x86_64-linux-gnu/libvorbis.so.0.4.7
7f76fb18a000-7f76fb193000 r-xp 00000000 08:06 401061                     /usr/lib/x86_64-linux-gnu/libltdl.so.7.3.0
7f76fb193000-7f76fb392000 ---p 00009000 08:06 401061                     /usr/lib/x86_64-linux-gnu/libltdl.so.7.3.0
7f76fb392000-7f76fb393000 r--p 00008000 08:06 401061                     /usr/lib/x86_64-linux-gnu/libltdl.so.7.3.0
7f76fb393000-7f76fb394000 rw-p 00009000 08:06 401061                     /usr/lib/x86_64-linux-gnu/libltdl.so.7.3.0
7f76fb394000-7f76fb3a8000 r-xp 00000000 08:06 398111                     /usr/lib/x86_64-linux-gnu/libtdb.so.1.3.8
7f76fb3a8000-7f76fb5a7000 ---p 00014000 08:06 398111                     /usr/lib/x86_64-linux-gnu/libtdb.so.1.3.8
7f76fb5a7000-7f76fb5a8000 r--p 00013000 08:06 398111                     /usr/lib/x86_64-linux-gnu/libtdb.so.1.3.8
7f76fb5a8000-7f76fb5a9000 rw-p 00014000 08:06 398111                     /usr/lib/x86_64-linux-gnu/libtdb.so.1.3.8
7f76fb5a9000-7f76fb5b0000 r-xp 00000000 08:06 401472                     /usr/lib/x86_64-linux-gnu/libvorbisfile.so.3.3.6
7f76fb5b0000-7f76fb7b0000 ---p 00007000 08:06 401472                     /usr/lib/x86_64-linux-gnu/libvorbisfile.so.3.3.6
7f76fb7b0000-7f76fb7b1000 r--p 00007000 08:06 401472                     /usr/lib/x86_64-linux-gnu/libvorbisfile.so.3.3.6
7f76fb7b1000-7f76fb7b2000 rw-p 00008000 08:06 401472                     /usr/lib/x86_64-linux-gnu/libvorbisfile.so.3.3.6
7f76fb7b2000-7f76fb7c2000 r-xp 00000000 08:06 400536                     /usr/lib/x86_64-linux-gnu/libcanberra.so.0.2.5
7f76fb7c2000-7f76fb9c2000 ---p 00010000 08:06 400536                     /usr/lib/x86_64-linux-gnu/libcanberra.so.0.2.5
7f76fb9c2000-7f76fb9c3000 r--p 00010000 08:06 400536                     /usr/lib/x86_64-linux-gnu/libcanberra.so.0.2.5
7f76fb9c3000-7f76fb9c4000 rw-p 00011000 08:06 400536                     /usr/lib/x86_64-linux-gnu/libcanberra.so.0.2.5
7f76fb9c4000-7f76fb9c8000 r-xp 00000000 08:06 400532                     /usr/lib/x86_64-linux-gnu/libcanberra-gtk.so.0.1.9
7f76fb9c8000-7f76fbbc7000 ---p 00004000 08:06 400532                     /usr/lib/x86_64-linux-gnu/libcanberra-gtk.so.0.1.9
7f76fbbc7000-7f76fbbc8000 r--p 00003000 08:06 400532                     /usr/lib/x86_64-linux-gnu/libcanberra-gtk.so.0.1.9
7f76fbbc8000-7f76fbbc9000 rw-p 00004000 08:06 400532                     /usr/lib/x86_64-linux-gnu/libcanberra-gtk.so.0.1.9
7f76fbbc9000-7f76fbbce000 r-xp 00000000 08:06 657188                     /usr/lib/x86_64-linux-gnu/gtk-2.0/modules/libcanberra-gtk-module.so
7f76fbbce000-7f76fbdcd000 ---p 00005000 08:06 657188                     /usr/lib/x86_64-linux-gnu/gtk-2.0/modules/libcanberra-gtk-module.so
7f76fbdcd000-7f76fbdce000 r--p 00004000 08:06 657188                     /usr/lib/x86_64-linux-gnu/gtk-2.0/modules/libcanberra-gtk-module.so
7f76fbdce000-7f76fbdcf000 rw-p 00005000 08:06 657188                     /usr/lib/x86_64-linux-gnu/gtk-2.0/modules/libcanberra-gtk-module.so
7f76fbdcf000-7f76fbdfe000 r-xp 00000000 08:06 657169                     /usr/lib/x86_64-linux-gnu/gtk-2.0/2.10.0/engines/libmurrine.so
7f76fbdfe000-7f76fbffe000 ---p 0002f000 08:06 657169                     /usr/lib/x86_64-linux-gnu/gtk-2.0/2.10.0/engines/libmurrine.so
7f76fbffe000-7f76fbfff000 r--p 0002f000 08:06 657169                     /usr/lib/x86_64-linux-gnu/gtk-2.0/2.10.0/engines/libmurrine.so
7f76fbfff000-7f76fc000000 rw-p 00030000 08:06 657169                     /usr/lib/x86_64-linux-gnu/gtk-2.0/2.10.0/engines/libmurrine.so
7f76fc000000-7f76fc02b000 rw-p 00000000 00:00 0 
7f76fc02b000-7f7700000000 ---p 00000000 00:00 0 
7f7700007000-7f7700010000 r--s 00000000 08:06 919847                     /usr/share/fonts/X11/Type1/c0649bt_.pfb
7f7700010000-7f770002d000 r-xp 00000000 08:06 1603                       /lib/x86_64-linux-gnu/libudev.so.1.6.4
7f770002d000-7f770002e000 r--p 0001c000 08:06 1603                       /lib/x86_64-linux-gnu/libudev.so.1.6.4
7f770002e000-7f770002f000 rw-p 0001d000 08:06 1603                       /lib/x86_64-linux-gnu/libudev.so.1.6.4
7f7700031000-7f770003b000 r--s 00000000 08:06 919853                     /usr/share/fonts/X11/Type1/c0611bt_.pfb
7f770003b000-7f7700044000 r--s 00000000 08:06 791376                     /usr/share/fonts/type1/gsfonts/s050000l.pfb
7f7700044000-7f7700058000 r--s 00000000 08:06 791316                     /usr/share/fonts/type1/gsfonts/n019003l.pfb
7f7700058000-7f77000ac000 r--p 00000000 08:06 921971                     /usr/share/fonts/truetype/dejavu/DejaVuSansMono.ttf
7f77000ac000-7f7700103000 r--p 00000000 08:06 928098                     /usr/share/fonts/truetype/ubuntu-font-family/Ubuntu-R.ttf
7f7700103000-7f770013e000 r--s 00000000 08:06 1051243                    /var/cache/fontconfig/365b55f210c0a22e9a19e35191240f32-le64.cache-4
7f770013e000-7f770014e000 r-xp 00000000 08:06 401437                     /usr/lib/x86_64-linux-gnu/libunity-gtk2-parser.so.0.0.0
7f770014e000-7f770034e000 ---p 00010000 08:06 401437                     /usr/lib/x86_64-linux-gnu/libunity-gtk2-parser.so.0.0.0
7f770034e000-7f770034f000 r--p 00010000 08:06 401437                     /usr/lib/x86_64-linux-gnu/libunity-gtk2-parser.so.0.0.0
7f770034f000-7f7700350000 rw-p 00011000 08:06 401437                     /usr/lib/x86_64-linux-gnu/libunity-gtk2-parser.so.0.0.0
7f7700350000-7f7700355000 r-xp 00000000 08:06 657192                     /usr/lib/x86_64-linux-gnu/gtk-2.0/modules/libunity-gtk-module.so
7f7700355000-7f7700554000 ---p 00005000 08:06 657192                     /usr/lib/x86_64-linux-gnu/gtk-2.0/modules/libunity-gtk-module.so
7f7700554000-7f7700555000 r--p 00004000 08:06 657192                     /usr/lib/x86_64-linux-gnu/gtk-2.0/modules/libunity-gtk-module.so
7f7700555000-7f7700556000 rw-p 00005000 08:06 657192                     /usr/lib/x86_64-linux-gnu/gtk-2.0/modules/libunity-gtk-module.so
7f7700556000-7f7700567000 r-xp 00000000 08:06 656783                     /usr/lib/x86_64-linux-gnu/gtk-2.0/modules/liboverlay-scrollbar.so
7f7700567000-7f7700767000 ---p 00011000 08:06 656783                     /usr/lib/x86_64-linux-gnu/gtk-2.0/modules/liboverlay-scrollbar.so
7f7700767000-7f7700768000 r--p 00011000 08:06 656783                     /usr/lib/x86_64-linux-gnu/gtk-2.0/modules/liboverlay-scrollbar.so
7f7700768000-7f7700769000 rw-p 00012000 08:06 656783                     /usr/lib/x86_64-linux-gnu/gtk-2.0/modules/liboverlay-scrollbar.so
7f7700769000-7f770076a000 r-xp 00000000 08:06 394891                     /usr/lib/x86_64-linux-gnu/libgthread-2.0.so.0.4600.2
7f770076a000-7f7700969000 ---p 00001000 08:06 394891                     /usr/lib/x86_64-linux-gnu/libgthread-2.0.so.0.4600.2
7f7700969000-7f770096a000 r--p 00000000 08:06 394891                     /usr/lib/x86_64-linux-gnu/libgthread-2.0.so.0.4600.2
7f770096a000-7f770096b000 rw-p 00001000 08:06 394891                     /usr/lib/x86_64-linux-gnu/libgthread-2.0.so.0.4600.2
7f770096b000-7f7700971000 r-xp 00000000 08:06 404725                     /usr/lib/x86_64-linux-gnu/libdatrie.so.1.3.2
7f7700971000-7f7700b70000 ---p 00006000 08:06 404725                     /usr/lib/x86_64-linux-gnu/libdatrie.so.1.3.2
7f7700b70000-7f7700b71000 r--p 00005000 08:06 404725                     /usr/lib/x86_64-linux-gnu/libdatrie.so.1.3.2
7f7700b71000-7f7700b72000 rw-p 00006000 08:06 404725                     /usr/lib/x86_64-linux-gnu/libdatrie.so.1.3.2
7f7700b72000-7f7700b95000 r-xp 00000000 08:06 398346                     /usr/lib/x86_64-linux-gnu/libgraphite2.so.3.0.1
7f7700b95000-7f7700d94000 ---p 00023000 08:06 398346                     /usr/lib/x86_64-linux-gnu/libgraphite2.so.3.0.1
7f7700d94000-7f7700d96000 r--p 00022000 08:06 398346                     /usr/lib/x86_64-linux-gnu/libgraphite2.so.3.0.1
7f7700d96000-7f7700d97000 rw-p 00024000 08:06 398346                     /usr/lib/x86_64-linux-gnu/libgraphite2.so.3.0.1
7f7700d97000-7f7700dbd000 r-xp 00000000 08:06 1653                       /lib/x86_64-linux-gnu/libexpat.so.1.6.0
7f7700dbd000-7f7700fbd000 ---p 00026000 08:06 1653                       /lib/x86_64-linux-gnu/libexpat.so.1.6.0
7f7700fbd000-7f7700fbf000 r--p 00026000 08:06 1653                       /lib/x86_64-linux-gnu/libexpat.so.1.6.0
7f7700fbf000-7f7700fc0000 rw-p 00028000 08:06 1653                       /lib/x86_64-linux-gnu/libexpat.so.1.6.0
7f7700fc0000-7f770102c000 r-xp 00000000 08:06 2702                       /lib/x86_64-linux-gnu/libpcre.so.3.13.1
7f770102c000-7f770122c000 ---p 0006c000 08:06 2702                       /lib/x86_64-linux-gnu/libpcre.so.3.13.1
7f770122c000-7f770122d000 r--p 0006c000 08:06 2702                       /lib/x86_64-linux-gnu/libpcre.so.3.13.1
7f770122d000-7f770122e000 rw-p 0006d000 08:06 2702                       /lib/x86_64-linux-gnu/libpcre.so.3.13.1
7f770122e000-7f7701235000 r-xp 00000000 08:06 397223                     /usr/lib/x86_64-linux-gnu/libffi.so.6.0.4
7f7701235000-7f7701434000 ---p 00007000 08:06 397223                     /usr/lib/x86_64-linux-gnu/libffi.so.6.0.4
7f7701434000-7f7701435000 r--p 00006000 08:06 397223                     /usr/lib/x86_64-linux-gnu/libffi.so.6.0.4
7f7701435000-7f7701436000 rw-p 00007000 08:06 397223                     /usr/lib/x86_64-linux-gnu/libffi.so.6.0.4
7f7701436000-7f770143e000 r-xp 00000000 08:06 396736                     /usr/lib/x86_64-linux-gnu/libthai.so.0.2.2
7f770143e000-7f770163d000 ---p 00008000 08:06 396736                     /usr/lib/x86_64-linux-gnu/libthai.so.0.2.2
7f770163d000-7f770163e000 r--p 00007000 08:06 396736                     /usr/lib/x86_64-linux-gnu/libthai.so.0.2.2
7f770163e000-7f770163f000 rw-p 00008000 08:06 396736                     /usr/lib/x86_64-linux-gnu/libthai.so.0.2.2
7f770163f000-7f770169b000 r-xp 00000000 08:06 402031                     /usr/lib/x86_64-linux-gnu/libharfbuzz.so.0.10000.1
7f770169b000-7f770189b000 ---p 0005c000 08:06 402031                     /usr/lib/x86_64-linux-gnu/libharfbuzz.so.0.10000.1
7f770189b000-7f770189c000 r--p 0005c000 08:06 402031                     /usr/lib/x86_64-linux-gnu/libharfbuzz.so.0.10000.1
7f770189c000-7f770189d000 rw-p 0005d000 08:06 402031                     /usr/lib/x86_64-linux-gnu/libharfbuzz.so.0.10000.1
7f770189d000-7f77018b4000 r-xp 00000000 08:06 5588                       /lib/x86_64-linux-gnu/libresolv-2.21.so
7f77018b4000-7f7701ab4000 ---p 00017000 08:06 5588                       /lib/x86_64-linux-gnu/libresolv-2.21.so
7f7701ab4000-7f7701ab5000 r--p 00017000 08:06 5588                       /lib/x86_64-linux-gnu/libresolv-2.21.so
7f7701ab5000-7f7701ab6000 rw-p 00018000 08:06 5588                       /lib/x86_64-linux-gnu/libresolv-2.21.so
7f7701ab6000-7f7701ab8000 rw-p 00000000 00:00 0 
7f7701ab8000-7f7701ad9000 r-xp 00000000 08:06 2930                       /lib/x86_64-linux-gnu/libselinux.so.1
7f7701ad9000-7f7701cd8000 ---p 00021000 08:06 2930                       /lib/x86_64-linux-gnu/libselinux.so.1
7f7701cd8000-7f7701cd9000 r--p 00020000 08:06 2930                       /lib/x86_64-linux-gnu/libselinux.so.1
7f7701cd9000-7f7701cda000 rw-p 00021000 08:06 2930                       /lib/x86_64-linux-gnu/libselinux.so.1
7f7701cda000-7f7701cdc000 rw-p 00000000 00:00 0 
7f7701cdc000-7f7701cf5000 r-xp 00000000 08:06 2039                       /lib/x86_64-linux-gnu/libz.so.1.2.8
7f7701cf5000-7f7701ef4000 ---p 00019000 08:06 2039                       /lib/x86_64-linux-gnu/libz.so.1.2.8
7f7701ef4000-7f7701ef5000 r--p 00018000 08:06 2039                       /lib/x86_64-linux-gnu/libz.so.1.2.8
7f7701ef5000-7f7701ef6000 rw-p 00019000 08:06 2039                       /lib/x86_64-linux-gnu/libz.so.1.2.8
7f7701ef6000-7f7701efe000 r-xp 00000000 08:06 402229                     /usr/lib/x86_64-linux-gnu/libxcb-render.so.0.0.0
7f7701efe000-7f77020fe000 ---p 00008000 08:06 402229                     /usr/lib/x86_64-linux-gnu/libxcb-render.so.0.0.0
7f77020fe000-7f77020ff000 r--p 00008000 08:06 402229                     /usr/lib/x86_64-linux-gnu/libxcb-render.so.0.0.0
7f77020ff000-7f7702100000 rw-p 00009000 08:06 402229                     /usr/lib/x86_64-linux-gnu/libxcb-render.so.0.0.0
7f7702100000-7f7702102000 r-xp 00000000 08:06 402162                     /usr/lib/x86_64-linux-gnu/libxcb-shm.so.0.0.0
7f7702102000-7f7702302000 ---p 00002000 08:06 402162                     /usr/lib/x86_64-linux-gnu/libxcb-shm.so.0.0.0
7f7702302000-7f7702303000 r--p 00002000 08:06 402162                     /usr/lib/x86_64-linux-gnu/libxcb-shm.so.0.0.0
7f7702303000-7f7702304000 rw-p 00003000 08:06 402162                     /usr/lib/x86_64-linux-gnu/libxcb-shm.so.0.0.0
7f7702304000-7f7702329000 r-xp 00000000 08:06 6611                       /lib/x86_64-linux-gnu/libpng12.so.0.51.0
7f7702329000-7f7702528000 ---p 00025000 08:06 6611                       /lib/x86_64-linux-gnu/libpng12.so.0.51.0
7f7702528000-7f7702529000 r--p 00024000 08:06 6611                       /lib/x86_64-linux-gnu/libpng12.so.0.51.0
7f7702529000-7f770252a000 rw-p 00025000 08:06 6611                       /lib/x86_64-linux-gnu/libpng12.so.0.51.0
7f770252a000-7f77025cf000 r-xp 00000000 08:06 401207                     /usr/lib/x86_64-linux-gnu/libpixman-1.so.0.32.6
7f77025cf000-7f77027ce000 ---p 000a5000 08:06 401207                     /usr/lib/x86_64-linux-gnu/libpixman-1.so.0.32.6
7f77027ce000-7f77027d6000 r--p 000a4000 08:06 401207                     /usr/lib/x86_64-linux-gnu/libpixman-1.so.0.32.6
7f77027d6000-7f77027d7000 rw-p 000ac000 08:06 401207                     /usr/lib/x86_64-linux-gnu/libpixman-1.so.0.32.6
7f77027d7000-7f7702877000 r-xp 00000000 08:06 395646                     /usr/lib/x86_64-linux-gnu/libfreetype.so.6.11.1
7f7702877000-7f7702a76000 ---p 000a0000 08:06 395646                     /usr/lib/x86_64-linux-gnu/libfreetype.so.6.11.1
7f7702a76000-7f7702a7c000 r--p 0009f000 08:06 395646                     /usr/lib/x86_64-linux-gnu/libfreetype.so.6.11.1
7f7702a7c000-7f7702a7d000 rw-p 000a5000 08:06 395646                     /usr/lib/x86_64-linux-gnu/libfreetype.so.6.11.1
7f7702a7d000-7f7702a7f000 r-xp 00000000 08:06 400390                     /usr/lib/x86_64-linux-gnu/libXdamage.so.1.1.0
7f7702a7f000-7f7702c7e000 ---p 00002000 08:06 400390                     /usr/lib/x86_64-linux-gnu/libXdamage.so.1.1.0
7f7702c7e000-7f7702c7f000 r--p 00001000 08:06 400390                     /usr/lib/x86_64-linux-gnu/libXdamage.so.1.1.0
7f7702c7f000-7f7702c80000 rw-p 00002000 08:06 400390                     /usr/lib/x86_64-linux-gnu/libXdamage.so.1.1.0
7f7702c80000-7f7702c82000 r-xp 00000000 08:06 400386                     /usr/lib/x86_64-linux-gnu/libXcomposite.so.1.0.0
7f7702c82000-7f7702e81000 ---p 00002000 08:06 400386                     /usr/lib/x86_64-linux-gnu/libXcomposite.so.1.0.0
7f7702e81000-7f7702e82000 r--p 00001000 08:06 400386                     /usr/lib/x86_64-linux-gnu/libXcomposite.so.1.0.0
7f7702e82000-7f7702e83000 rw-p 00002000 08:06 400386                     /usr/lib/x86_64-linux-gnu/libXcomposite.so.1.0.0
7f7702e83000-7f7702e8d000 r-xp 00000000 08:06 396937                     /usr/lib/x86_64-linux-gnu/libXrandr.so.2.2.0
7f7702e8d000-7f770308c000 ---p 0000a000 08:06 396937                     /usr/lib/x86_64-linux-gnu/libXrandr.so.2.2.0
7f770308c000-7f770308d000 r--p 00009000 08:06 396937                     /usr/lib/x86_64-linux-gnu/libXrandr.so.2.2.0
7f770308d000-7f770308e000 rw-p 0000a000 08:06 396937                     /usr/lib/x86_64-linux-gnu/libXrandr.so.2.2.0
7f770308e000-7f7703090000 r-xp 00000000 08:06 400404                     /usr/lib/x86_64-linux-gnu/libXinerama.so.1.0.0
7f7703090000-7f770328f000 ---p 00002000 08:06 400404                     /usr/lib/x86_64-linux-gnu/libXinerama.so.1.0.0
7f770328f000-7f7703290000 r--p 00001000 08:06 400404                     /usr/lib/x86_64-linux-gnu/libXinerama.so.1.0.0
7f7703290000-7f7703291000 rw-p 00002000 08:06 400404                     /usr/lib/x86_64-linux-gnu/libXinerama.so.1.0.0
7f7703291000-7f77032cd000 r-xp 00000000 08:06 400714                     /usr/lib/x86_64-linux-gnu/libfontconfig.so.1.8.0
7f77032cd000-7f77034cc000 ---p 0003c000 08:06 400714                     /usr/lib/x86_64-linux-gnu/libfontconfig.so.1.8.0
7f77034cc000-7f77034ce000 r--p 0003b000 08:06 400714                     /usr/lib/x86_64-linux-gnu/libfontconfig.so.1.8.0
7f77034ce000-7f77034cf000 rw-p 0003d000 08:06 400714                     /usr/lib/x86_64-linux-gnu/libfontconfig.so.1.8.0
7f77034cf000-7f77035dc000 r-xp 00000000 08:06 5703                       /lib/x86_64-linux-gnu/libglib-2.0.so.0.4600.2
7f77035dc000-7f77037db000 ---p 0010d000 08:06 5703                       /lib/x86_64-linux-gnu/libglib-2.0.so.0.4600.2
7f77037db000-7f77037dc000 r--p 0010c000 08:06 5703                       /lib/x86_64-linux-gnu/libglib-2.0.so.0.4600.2
7f77037dc000-7f77037dd000 rw-p 0010d000 08:06 5703                       /lib/x86_64-linux-gnu/libglib-2.0.so.0.4600.2
7f77037dd000-7f77037de000 rw-p 00000000 00:00 0 
7f77037de000-7f7703830000 r-xp 00000000 08:06 395309                     /usr/lib/x86_64-linux-gnu/libgobject-2.0.so.0.4600.2
7f7703830000-7f7703a2f000 ---p 00052000 08:06 395309                     /usr/lib/x86_64-linux-gnu/libgobject-2.0.so.0.4600.2
7f7703a2f000-7f7703a30000 r--p 00051000 08:06 395309                     /usr/lib/x86_64-linux-gnu/libgobject-2.0.so.0.4600.2
7f7703a30000-7f7703a31000 rw-p 00052000 08:06 395309                     /usr/lib/x86_64-linux-gnu/libgobject-2.0.so.0.4600.2
7f7703a31000-7f7703a7c000 r-xp 00000000 08:06 401182                     /usr/lib/x86_64-linux-gnu/libpango-1.0.so.0.3600.8
7f7703a7c000-7f7703c7c000 ---p 0004b000 08:06 401182                     /usr/lib/x86_64-linux-gnu/libpango-1.0.so.0.3600.8
7f7703c7c000-7f7703c7e000 r--p 0004b000 08:06 401182                     /usr/lib/x86_64-linux-gnu/libpango-1.0.so.0.3600.8
7f7703c7e000-7f7703c7f000 rw-p 0004d000 08:06 401182                     /usr/lib/x86_64-linux-gnu/libpango-1.0.so.0.3600.8
7f7703c7f000-7f7703df9000 r-xp 00000000 08:06 395307                     /usr/lib/x86_64-linux-gnu/libgio-2.0.so.0.4600.2
7f7703df9000-7f7703ff8000 ---p 0017a000 08:06 395307                     /usr/lib/x86_64-linux-gnu/libgio-2.0.so.0.4600.2
7f7703ff8000-7f7703ffc000 r--p 00179000 08:06 395307                     /usr/lib/x86_64-linux-gnu/libgio-2.0.so.0.4600.2
7f7703ffc000-7f7703ffe000 rw-p 0017d000 08:06 395307                     /usr/lib/x86_64-linux-gnu/libgio-2.0.so.0.4600.2
7f7703ffe000-7f7704000000 rw-p 00000000 00:00 0 
7f7704000000-7f7704021000 rw-p 00000000 00:00 0 
7f7704021000-7f7708000000 ---p 00000000 00:00 0 
7f7708000000-7f7708021000 rw-p 00000000 00:00 0 
7f7708021000-7f770c000000 ---p 00000000 00:00 0 
7f770c000000-7f770c666000 rw-p 00000000 00:00 0 
7f770c666000-7f7710000000 ---p 00000000 00:00 0 
7f7710000000-7f7710021000 rw-p 00000000 00:00 0 
7f7710021000-7f7714000000 ---p 00000000 00:00 0 
7f7714000000-7f7714295000 rw-p 00000000 00:00 0 
7f7714295000-7f7718000000 ---p 00000000 00:00 0 
7f7718000000-7f7718249000 rw-p 00000000 00:00 0 
7f7718249000-7f771c000000 ---p 00000000 00:00 0 
7f771c000000-7f771c021000 rw-p 00000000 00:00 0 
7f771c021000-7f7720000000 ---p 00000000 00:00 0 
7f7720003000-7f772000e000 r--s 00000000 08:06 1052125                    /var/cache/fontconfig/945677eb7aeaf62f1d50efc3fb3ec7d8-le64.cache-4
7f772000e000-7f7720014000 r--s 00000000 08:06 1051441                    /var/cache/fontconfig/2cd17615ca594fa2959ae173292e504c-le64.cache-4
7f7720014000-7f772001b000 r--s 00000000 08:06 1051324                    /var/cache/fontconfig/a755afe4a08bf5b97852ceb7400b47bc-le64.cache-4
7f772001b000-7f772001f000 r--s 00000000 08:06 1051321                    /var/cache/fontconfig/de156ccd2eddbdc19d37a45b8b2aac9c-le64.cache-4
7f772001f000-7f7720035000 r--s 00000000 08:06 1051267                    /var/cache/fontconfig/04aabc0a78ac019cf9454389977116d2-le64.cache-4
7f7720035000-7f7720049000 r-xp 00000000 08:06 401186                     /usr/lib/x86_64-linux-gnu/libpangoft2-1.0.so.0.3600.8
7f7720049000-7f7720249000 ---p 00014000 08:06 401186                     /usr/lib/x86_64-linux-gnu/libpangoft2-1.0.so.0.3600.8
7f7720249000-7f772024a000 r--p 00014000 08:06 401186                     /usr/lib/x86_64-linux-gnu/libpangoft2-1.0.so.0.3600.8
7f772024a000-7f772024b000 rw-p 00015000 08:06 401186                     /usr/lib/x86_64-linux-gnu/libpangoft2-1.0.so.0.3600.8
7f772024b000-7f772026c000 r-xp 00000000 08:06 396880                     /usr/lib/x86_64-linux-gnu/libgdk_pixbuf-2.0.so.0.3200.1
7f772026c000-7f772046b000 ---p 00021000 08:06 396880                     /usr/lib/x86_64-linux-gnu/libgdk_pixbuf-2.0.so.0.3200.1
7f772046b000-7f772046c000 r--p 00020000 08:06 396880                     /usr/lib/x86_64-linux-gnu/libgdk_pixbuf-2.0.so.0.3200.1
7f772046c000-7f772046d000 rw-p 00021000 08:06 396880                     /usr/lib/x86_64-linux-gnu/libgdk_pixbuf-2.0.so.0.3200.1
7f772046d000-7f772057b000 r-xp 00000000 08:06 402595                     /usr/lib/x86_64-linux-gnu/libcairo.so.2.11400.2
7f772057b000-7f772077a000 ---p 0010e000 08:06 402595                     /usr/lib/x86_64-linux-gnu/libcairo.so.2.11400.2
7f772077a000-7f772077d000 r--p 0010d000 08:06 402595                     /usr/lib/x86_64-linux-gnu/libcairo.so.2.11400.2
7f772077d000-7f772077e000 rw-p 00110000 08:06 402595                     /usr/lib/x86_64-linux-gnu/libcairo.so.2.11400.2
7f772077e000-7f7720780000 rw-p 00000000 00:00 0 
7f7720780000-7f77207a2000 r-xp 00000000 08:06 396926                     /usr/lib/x86_64-linux-gnu/libatk-1.0.so.0.21609.1
7f77207a2000-7f77209a1000 ---p 00022000 08:06 396926                     /usr/lib/x86_64-linux-gnu/libatk-1.0.so.0.21609.1
7f77209a1000-7f77209a4000 r--p 00021000 08:06 396926                     /usr/lib/x86_64-linux-gnu/libatk-1.0.so.0.21609.1
7f77209a4000-7f77209a5000 rw-p 00024000 08:06 396926                     /usr/lib/x86_64-linux-gnu/libatk-1.0.so.0.21609.1
7f77209a5000-7f77209b1000 r-xp 00000000 08:06 401184                     /usr/lib/x86_64-linux-gnu/libpangocairo-1.0.so.0.3600.8
7f77209b1000-7f7720bb0000 ---p 0000c000 08:06 401184                     /usr/lib/x86_64-linux-gnu/libpangocairo-1.0.so.0.3600.8
7f7720bb0000-7f7720bb1000 r--p 0000b000 08:06 401184                     /usr/lib/x86_64-linux-gnu/libpangocairo-1.0.so.0.3600.8
7f7720bb1000-7f7720bb2000 rw-p 0000c000 08:06 401184                     /usr/lib/x86_64-linux-gnu/libpangocairo-1.0.so.0.3600.8
7f7720bb2000-7f7720bb5000 r-xp 00000000 08:06 395308                     /usr/lib/x86_64-linux-gnu/libgmodule-2.0.so.0.4600.2
7f7720bb5000-7f7720db4000 ---p 00003000 08:06 395308                     /usr/lib/x86_64-linux-gnu/libgmodule-2.0.so.0.4600.2
7f7720db4000-7f7720db5000 r--p 00002000 08:06 395308                     /usr/lib/x86_64-linux-gnu/libgmodule-2.0.so.0.4600.2
7f7720db5000-7f7720db6000 rw-p 00003000 08:06 395308                     /usr/lib/x86_64-linux-gnu/libgmodule-2.0.so.0.4600.2
7f7720db6000-7f7720e66000 r-xp 00000000 08:06 396942                     /usr/lib/x86_64-linux-gnu/libgdk-x11-2.0.so.0.2400.28
7f7720e66000-7f7721065000 ---p 000b0000 08:06 396942                     /usr/lib/x86_64-linux-gnu/libgdk-x11-2.0.so.0.2400.28
7f7721065000-7f7721069000 r--p 000af000 08:06 396942                     /usr/lib/x86_64-linux-gnu/libgdk-x11-2.0.so.0.2400.28
7f7721069000-7f772106b000 rw-p 000b3000 08:06 396942                     /usr/lib/x86_64-linux-gnu/libgdk-x11-2.0.so.0.2400.28
7f772106b000-7f77214a9000 r-xp 00000000 08:06 396943                     /usr/lib/x86_64-linux-gnu/libgtk-x11-2.0.so.0.2400.28
7f77214a9000-7f77216a9000 ---p 0043e000 08:06 396943                     /usr/lib/x86_64-linux-gnu/libgtk-x11-2.0.so.0.2400.28
7f77216a9000-7f77216b0000 r--p 0043e000 08:06 396943                     /usr/lib/x86_64-linux-gnu/libgtk-x11-2.0.so.0.2400.28
7f77216b0000-7f77216b4000 rw-p 00445000 08:06 396943                     /usr/lib/x86_64-linux-gnu/libgtk-x11-2.0.so.0.2400.28
7f77216b4000-7f77216b7000 rw-p 00000000 00:00 0 
7f77216b7000-7f77216ba000 ---p 00000000 00:00 0 
7f77216ba000-7f77217b8000 rw-p 00000000 00:00 0                          [stack:13209]
7f77217b8000-7f77217bd000 r-xp 00000000 08:06 400396                     /usr/lib/x86_64-linux-gnu/libXfixes.so.3.1.0
7f77217bd000-7f77219bc000 ---p 00005000 08:06 400396                     /usr/lib/x86_64-linux-gnu/libXfixes.so.3.1.0
7f77219bc000-7f77219bd000 r--p 00004000 08:06 400396                     /usr/lib/x86_64-linux-gnu/libXfixes.so.3.1.0
7f77219bd000-7f77219be000 rw-p 00005000 08:06 400396                     /usr/lib/x86_64-linux-gnu/libXfixes.so.3.1.0
7f77219be000-7f77219c7000 r-xp 00000000 08:06 400388                     /usr/lib/x86_64-linux-gnu/libXcursor.so.1.0.2
7f77219c7000-7f7721bc6000 ---p 00009000 08:06 400388                     /usr/lib/x86_64-linux-gnu/libXcursor.so.1.0.2
7f7721bc6000-7f7721bc7000 r--p 00008000 08:06 400388                     /usr/lib/x86_64-linux-gnu/libXcursor.so.1.0.2
7f7721bc7000-7f7721bc8000 rw-p 00009000 08:06 400388                     /usr/lib/x86_64-linux-gnu/libXcursor.so.1.0.2
7f7721bc8000-7f7721bcb000 ---p 00000000 00:00 0 
7f7721bcb000-7f7721cc9000 rw-p 00000000 00:00 0                          [stack:13208]
7f7721cc9000-7f7721cdf000 r-xp 00000000 08:06 7484                       /lib/x86_64-linux-gnu/libgcc_s.so.1
7f7721cdf000-7f7721ede000 ---p 00016000 08:06 7484                       /lib/x86_64-linux-gnu/libgcc_s.so.1
7f7721ede000-7f7721edf000 r--p 00015000 08:06 7484                       /lib/x86_64-linux-gnu/libgcc_s.so.1
7f7721edf000-7f7721ee0000 rw-p 00016000 08:06 7484                       /lib/x86_64-linux-gnu/libgcc_s.so.1
7f7721ee0000-7f7721f45000 r-xp 00000000 08:06 275843                     /usr/lib/jvm/java-8-oracle/jre/lib/amd64/libfontmanager.so
7f7721f45000-7f7722145000 ---p 00065000 08:06 275843                     /usr/lib/jvm/java-8-oracle/jre/lib/amd64/libfontmanager.so
7f7722145000-7f7722149000 rw-p 00065000 08:06 275843                     /usr/lib/jvm/java-8-oracle/jre/lib/amd64/libfontmanager.so
7f7722149000-7f772215a000 rw-p 00000000 00:00 0 
7f772215a000-7f772215f000 r-xp 00000000 08:06 399972                     /usr/lib/x86_64-linux-gnu/libXdmcp.so.6.0.0
7f772215f000-7f772235e000 ---p 00005000 08:06 399972                     /usr/lib/x86_64-linux-gnu/libXdmcp.so.6.0.0
7f772235e000-7f772235f000 r--p 00004000 08:06 399972                     /usr/lib/x86_64-linux-gnu/libXdmcp.so.6.0.0
7f772235f000-7f7722360000 rw-p 00005000 08:06 399972                     /usr/lib/x86_64-linux-gnu/libXdmcp.so.6.0.0
7f7722360000-7f7722362000 r-xp 00000000 08:06 400381                     /usr/lib/x86_64-linux-gnu/libXau.so.6.0.0
7f7722362000-7f7722562000 ---p 00002000 08:06 400381                     /usr/lib/x86_64-linux-gnu/libXau.so.6.0.0
7f7722562000-7f7722563000 r--p 00002000 08:06 400381                     /usr/lib/x86_64-linux-gnu/libXau.so.6.0.0
7f7722563000-7f7722564000 rw-p 00003000 08:06 400381                     /usr/lib/x86_64-linux-gnu/libXau.so.6.0.0
7f7722564000-7f7722584000 r-xp 00000000 08:06 399983                     /usr/lib/x86_64-linux-gnu/libxcb.so.1.1.0
7f7722584000-7f7722783000 ---p 00020000 08:06 399983                     /usr/lib/x86_64-linux-gnu/libxcb.so.1.1.0
7f7722783000-7f7722784000 r--p 0001f000 08:06 399983                     /usr/lib/x86_64-linux-gnu/libxcb.so.1.1.0
7f7722784000-7f7722785000 rw-p 00020000 08:06 399983                     /usr/lib/x86_64-linux-gnu/libxcb.so.1.1.0
7f7722785000-7f7722794000 r-xp 00000000 08:06 400402                     /usr/lib/x86_64-linux-gnu/libXi.so.6.1.0
7f7722794000-7f7722993000 ---p 0000f000 08:06 400402                     /usr/lib/x86_64-linux-gnu/libXi.so.6.1.0
7f7722993000-7f7722994000 r--p 0000e000 08:06 400402                     /usr/lib/x86_64-linux-gnu/libXi.so.6.1.0
7f7722994000-7f7722995000 rw-p 0000f000 08:06 400402                     /usr/lib/x86_64-linux-gnu/libXi.so.6.1.0
7f7722995000-7f772299a000 r-xp 00000000 08:06 400422                     /usr/lib/x86_64-linux-gnu/libXtst.so.6.1.0
7f772299a000-7f7722b99000 ---p 00005000 08:06 400422                     /usr/lib/x86_64-linux-gnu/libXtst.so.6.1.0
7f7722b99000-7f7722b9a000 r--p 00004000 08:06 400422                     /usr/lib/x86_64-linux-gnu/libXtst.so.6.1.0
7f7722b9a000-7f7722b9b000 rw-p 00005000 08:06 400422                     /usr/lib/x86_64-linux-gnu/libXtst.so.6.1.0
7f7722b9b000-7f7722ba4000 r-xp 00000000 08:06 402254                     /usr/lib/x86_64-linux-gnu/libXrender.so.1.3.0
7f7722ba4000-7f7722da3000 ---p 00009000 08:06 402254                     /usr/lib/x86_64-linux-gnu/libXrender.so.1.3.0
7f7722da3000-7f7722da4000 r--p 00008000 08:06 402254                     /usr/lib/x86_64-linux-gnu/libXrender.so.1.3.0
7f7722da4000-7f7722da5000 rw-p 00009000 08:06 402254                     /usr/lib/x86_64-linux-gnu/libXrender.so.1.3.0
7f7722da5000-7f7722eda000 r-xp 00000000 08:06 401529                     /usr/lib/x86_64-linux-gnu/libX11.so.6.3.0
7f7722eda000-7f77230da000 ---p 00135000 08:06 401529                     /usr/lib/x86_64-linux-gnu/libX11.so.6.3.0
7f77230da000-7f77230db000 r--p 00135000 08:06 401529                     /usr/lib/x86_64-linux-gnu/libX11.so.6.3.0
7f77230db000-7f77230df000 rw-p 00136000 08:06 401529                     /usr/lib/x86_64-linux-gnu/libX11.so.6.3.0
7f77230df000-7f77230f0000 r-xp 00000000 08:06 400394                     /usr/lib/x86_64-linux-gnu/libXext.so.6.4.0
7f77230f0000-7f77232ef000 ---p 00011000 08:06 400394                     /usr/lib/x86_64-linux-gnu/libXext.so.6.4.0
7f77232ef000-7f77232f0000 r--p 00010000 08:06 400394                     /usr/lib/x86_64-linux-gnu/libXext.so.6.4.0
7f77232f0000-7f77232f1000 rw-p 00011000 08:06 400394                     /usr/lib/x86_64-linux-gnu/libXext.so.6.4.0
7f77232f1000-7f7723345000 r-xp 00000000 08:06 275868                     /usr/lib/jvm/java-8-oracle/jre/lib/amd64/libawt_xawt.so
7f7723345000-7f7723545000 ---p 00054000 08:06 275868                     /usr/lib/jvm/java-8-oracle/jre/lib/amd64/libawt_xawt.so
7f7723545000-7f7723549000 rw-p 00054000 08:06 275868                     /usr/lib/jvm/java-8-oracle/jre/lib/amd64/libawt_xawt.so
7f7723549000-7f772354a000 rw-p 00000000 00:00 0 
7f772354a000-7f77235ec000 r-xp 00000000 08:06 275854                     /usr/lib/jvm/java-8-oracle/jre/lib/amd64/libawt.so
7f77235ec000-7f77237ec000 ---p 000a2000 08:06 275854                     /usr/lib/jvm/java-8-oracle/jre/lib/amd64/libawt.so
7f77237ec000-7f77237f8000 rw-p 000a2000 08:06 275854                     /usr/lib/jvm/java-8-oracle/jre/lib/amd64/libawt.so
7f77237f8000-7f772381c000 rw-p 00000000 00:00 0 
7f772381c000-7f772381d000 ---p 00000000 00:00 0 
7f772381d000-7f772391d000 rw-p 00000000 00:00 0                          [stack:13207]
7f772391d000-7f7724000000 r--p 00000000 08:06 396664                     /usr/lib/locale/locale-archive
7f7724000000-7f7724021000 rw-p 00000000 00:00 0 
7f7724021000-7f7728000000 ---p 00000000 00:00 0 
7f7728000000-7f7728021000 rw-p 00000000 00:00 0 
7f7728021000-7f772c000000 ---p 00000000 00:00 0 
7f772c000000-7f772c021000 rw-p 00000000 00:00 0 
7f772c021000-7f7730000000 ---p 00000000 00:00 0 
7f7730000000-7f7730021000 rw-p 00000000 00:00 0 
7f7730021000-7f7734000000 ---p 00000000 00:00 0 
7f7734000000-7f7734021000 rw-p 00000000 00:00 0 
7f7734021000-7f7738000000 ---p 00000000 00:00 0 
7f7738000000-7f7738021000 rw-p 00000000 00:00 0 
7f7738021000-7f773c000000 ---p 00000000 00:00 0 
7f773c002000-7f773c003000 r--s 00000000 08:06 1051389                    /var/cache/fontconfig/0d8c3b2ac0904cb8a57a757ad11a4a08-le64.cache-4
7f773c003000-7f773c004000 r--s 00000000 08:06 1051271                    /var/cache/fontconfig/a6354e3ac43af67bd8d7b8e43c34e49f-le64.cache-4
7f773c004000-7f773c008000 r--s 00000000 08:06 1051263                    /var/cache/fontconfig/385c0604a188198f04d133e54aba7fe7-le64.cache-4
7f773c008000-7f773c00a000 r--s 00000000 08:06 1051256                    /var/cache/fontconfig/767a8244fc0220cfb567a839d0392e0b-le64.cache-4
7f773c00a000-7f773c00f000 r--s 00000000 08:06 1051246                    /var/cache/fontconfig/8801497958630a81b71ace7c5f9b32a8-le64.cache-4
7f773c00f000-7f773c016000 r--s 00000000 08:06 1051137                    /var/cache/fontconfig/3047814df9a2f067bd2d96a2b9c36e5a-le64.cache-4
7f773c016000-7f773c029000 r--s 00000000 08:06 1051079                    /var/cache/fontconfig/d52a8644073d54c13679302ca1180695-le64.cache-4
7f773c029000-7f773c033000 r--s 00000000 08:06 1051074                    /var/cache/fontconfig/3f7329c5293ffd510edef78f73874cfd-le64.cache-4
7f773c033000-7f773c03e000 r--s 00000000 08:06 1051052                    /var/cache/fontconfig/d589a48862398ed80a3d6066f4f56f4c-le64.cache-4
7f773c03e000-7f773c057000 r--s 00000000 08:06 791340                     /usr/share/fonts/type1/gsfonts/n021003l.pfb
7f773c057000-7f773c068000 r--s 00000000 08:06 791322                     /usr/share/fonts/type1/gsfonts/n019023l.pfb
7f773c068000-7f773c07a000 r--s 00000000 08:06 791319                     /usr/share/fonts/type1/gsfonts/n019004l.pfb
7f773c07a000-7f773c090000 r--s 00000000 08:06 791361                     /usr/share/fonts/type1/gsfonts/n022024l.pfb
7f773c090000-7f773c0a8000 r--s 00000000 08:06 791352                     /usr/share/fonts/type1/gsfonts/n022003l.pfb
7f773c0a8000-7f773c0be000 r--s 00000000 08:06 791349                     /usr/share/fonts/type1/gsfonts/n021024l.pfb
7f773c0be000-7f773c0d5000 r--s 00000000 08:06 791346                     /usr/share/fonts/type1/gsfonts/n021023l.pfb
7f773c0d5000-7f773c0e6000 r--s 00000000 08:06 791325                     /usr/share/fonts/type1/gsfonts/n019024l.pfb
7f773c0e6000-7f773c0ff000 r--s 00000000 08:06 791355                     /usr/share/fonts/type1/gsfonts/n022004l.pfb
7f773c0ff000-7f773c102000 ---p 00000000 00:00 0 
7f773c102000-7f7740000000 rw-p 00000000 00:00 0                          [stack:13206]
7f7740000000-7f7740021000 rw-p 00000000 00:00 0 
7f7740021000-7f7744000000 ---p 00000000 00:00 0 
7f7744000000-7f7744001000 r--s 00000000 08:06 1051265                    /var/cache/fontconfig/1ac9eb803944fde146138c791f5cc56a-le64.cache-4
7f7744001000-7f774400c000 r--s 00000000 08:06 1051033                    /var/cache/fontconfig/83bf95040141907cd45bb53cf7c1c148-le64.cache-4
7f774400c000-7f7744041000 r--s 00000000 08:06 1059264                    /var/cache/nscd/hosts
7f7744041000-7f774408e000 r--p 00000000 08:06 274879                     /usr/share/glib-2.0/schemas/gschemas.compiled
7f774408e000-7f7744091000 ---p 00000000 00:00 0 
7f7744091000-7f774418f000 rw-p 00000000 00:00 0                          [stack:13205]
7f774418f000-7f7744192000 ---p 00000000 00:00 0 
7f7744192000-7f7744290000 rw-p 00000000 00:00 0                          [stack:13204]
7f7744290000-7f7744293000 ---p 00000000 00:00 0 
7f7744293000-7f7744391000 rw-p 00000000 00:00 0                          [stack:13203]
7f7744391000-7f7744394000 ---p 00000000 00:00 0 
7f7744394000-7f7744492000 rw-p 00000000 00:00 0                          [stack:13202]
7f7744492000-7f7744495000 ---p 00000000 00:00 0 
7f7744495000-7f7744593000 rw-p 00000000 00:00 0                          [stack:13201]
7f7744593000-7f7744596000 ---p 00000000 00:00 0 
7f7744596000-7f7744694000 rw-p 00000000 00:00 0                          [stack:13200]
7f7744694000-7f7744695000 ---p 00000000 00:00 0 
7f7744695000-7f7745000000 rw-p 00000000 00:00 0                          [stack:13199]
7f7745000000-7f7745490000 rwxp 00000000 00:00 0 
7f7745490000-7f7754000000 ---p 00000000 00:00 0 
7f7754000000-7f77543a1000 rw-p 00000000 00:00 0 
7f77543a1000-7f7758000000 ---p 00000000 00:00 0 
7f7758000000-7f7758001000 r--s 00000000 08:06 1051257                    /var/cache/fontconfig/dc05db6664285cc2f12bf69c139ae4c3-le64.cache-4
7f7758001000-7f7758002000 r--s 00000000 08:06 1053779                    /var/cache/fontconfig/4794a0821666d79190d59a36cb4f44b5-le64.cache-4
7f7758002000-7f775800f000 r--s 00000000 08:06 1049861                    /var/cache/fontconfig/e13b20fdb08344e0e664864cc2ede53d-le64.cache-4
7f775800f000-7f7758765000 rw-p 00000000 00:00 0 
7f7758765000-7f775893e000 r--s 03d20000 08:06 275801                     /usr/lib/jvm/java-8-oracle/jre/lib/rt.jar
7f775893e000-7f77595ef000 rw-p 00000000 00:00 0 
7f77595ef000-7f77595f0000 ---p 00000000 00:00 0 
7f77595f0000-7f77596f0000 rw-p 00000000 00:00 0                          [stack:13198]
7f77596f0000-7f77596f1000 ---p 00000000 00:00 0 
7f77596f1000-7f77597f1000 rw-p 00000000 00:00 0                          [stack:13197]
7f77597f1000-7f77597f2000 ---p 00000000 00:00 0 
7f77597f2000-7f77598f2000 rw-p 00000000 00:00 0                          [stack:13196]
7f77598f2000-7f77598f3000 ---p 00000000 00:00 0 
7f77598f3000-7f7759a1d000 rw-p 00000000 00:00 0                          [stack:13195]
7f7759a1d000-7f7759c89000 ---p 00000000 00:00 0 
7f7759c89000-7f7759cb3000 rw-p 00000000 00:00 0 
7f7759cb3000-7f7759f1e000 ---p 00000000 00:00 0 
7f7759f1e000-7f7759f33000 rw-p 00000000 00:00 0 
7f7759f33000-7f775a069000 ---p 00000000 00:00 0 
7f775a069000-7f775a07d000 rw-p 00000000 00:00 0 
7f775a07d000-7f775a42a000 ---p 00000000 00:00 0 
7f775a42a000-7f775a444000 r-xp 00000000 08:06 275857                     /usr/lib/jvm/java-8-oracle/jre/lib/amd64/libzip.so
7f775a444000-7f775a644000 ---p 0001a000 08:06 275857                     /usr/lib/jvm/java-8-oracle/jre/lib/amd64/libzip.so
7f775a644000-7f775a645000 rw-p 0001a000 08:06 275857                     /usr/lib/jvm/java-8-oracle/jre/lib/amd64/libzip.so
7f775a645000-7f775a66f000 r-xp 00000000 08:06 275852                     /usr/lib/jvm/java-8-oracle/jre/lib/amd64/libjava.so
7f775a66f000-7f775a86f000 ---p 0002a000 08:06 275852                     /usr/lib/jvm/java-8-oracle/jre/lib/amd64/libjava.so
7f775a86f000-7f775a871000 rw-p 0002a000 08:06 275852                     /usr/lib/jvm/java-8-oracle/jre/lib/amd64/libjava.so
7f775a871000-7f775a87e000 r-xp 00000000 08:06 275856                     /usr/lib/jvm/java-8-oracle/jre/lib/amd64/libverify.so
7f775a87e000-7f775aa7e000 ---p 0000d000 08:06 275856                     /usr/lib/jvm/java-8-oracle/jre/lib/amd64/libverify.so
7f775aa7e000-7f775aa80000 rw-p 0000d000 08:06 275856                     /usr/lib/jvm/java-8-oracle/jre/lib/amd64/libverify.so
7f775aa80000-7f775aa87000 r-xp 00000000 08:06 5554                       /lib/x86_64-linux-gnu/librt-2.21.so
7f775aa87000-7f775ac86000 ---p 00007000 08:06 5554                       /lib/x86_64-linux-gnu/librt-2.21.so
7f775ac86000-7f775ac87000 r--p 00006000 08:06 5554                       /lib/x86_64-linux-gnu/librt-2.21.so
7f775ac87000-7f775ac88000 rw-p 00007000 08:06 5554                       /lib/x86_64-linux-gnu/librt-2.21.so
7f775ac88000-7f775ad8f000 r-xp 00000000 08:06 5584                       /lib/x86_64-linux-gnu/libm-2.21.so
7f775ad8f000-7f775af8e000 ---p 00107000 08:06 5584                       /lib/x86_64-linux-gnu/libm-2.21.so
7f775af8e000-7f775af8f000 r--p 00106000 08:06 5584                       /lib/x86_64-linux-gnu/libm-2.21.so
7f775af8f000-7f775af90000 rw-p 00107000 08:06 5584                       /lib/x86_64-linux-gnu/libm-2.21.so
7f775af90000-7f775bc4e000 r-xp 00000000 08:06 275879                     /usr/lib/jvm/java-8-oracle/jre/lib/amd64/server/libjvm.so
7f775bc4e000-7f775be4d000 ---p 00cbe000 08:06 275879                     /usr/lib/jvm/java-8-oracle/jre/lib/amd64/server/libjvm.so
7f775be4d000-7f775bf26000 rw-p 00cbd000 08:06 275879                     /usr/lib/jvm/java-8-oracle/jre/lib/amd64/server/libjvm.so
7f775bf26000-7f775bf6a000 rw-p 00000000 00:00 0 
7f775bf6a000-7f775c12a000 r-xp 00000000 08:06 5585                       /lib/x86_64-linux-gnu/libc-2.21.so
7f775c12a000-7f775c32a000 ---p 001c0000 08:06 5585                       /lib/x86_64-linux-gnu/libc-2.21.so
7f775c32a000-7f775c32e000 r--p 001c0000 08:06 5585                       /lib/x86_64-linux-gnu/libc-2.21.so
7f775c32e000-7f775c330000 rw-p 001c4000 08:06 5585                       /lib/x86_64-linux-gnu/libc-2.21.so
7f775c330000-7f775c334000 rw-p 00000000 00:00 0 
7f775c334000-7f775c337000 r-xp 00000000 08:06 5578                       /lib/x86_64-linux-gnu/libdl-2.21.so
7f775c337000-7f775c536000 ---p 00003000 08:06 5578                       /lib/x86_64-linux-gnu/libdl-2.21.so
7f775c536000-7f775c537000 r--p 00002000 08:06 5578                       /lib/x86_64-linux-gnu/libdl-2.21.so
7f775c537000-7f775c538000 rw-p 00003000 08:06 5578                       /lib/x86_64-linux-gnu/libdl-2.21.so
7f775c538000-7f775c54d000 r-xp 00000000 08:06 277436                     /usr/lib/jvm/java-8-oracle/lib/amd64/jli/libjli.so
7f775c54d000-7f775c74d000 ---p 00015000 08:06 277436                     /usr/lib/jvm/java-8-oracle/lib/amd64/jli/libjli.so
7f775c74d000-7f775c74e000 rw-p 00015000 08:06 277436                     /usr/lib/jvm/java-8-oracle/lib/amd64/jli/libjli.so
7f775c74e000-7f775c766000 r-xp 00000000 08:06 5556                       /lib/x86_64-linux-gnu/libpthread-2.21.so
7f775c766000-7f775c966000 ---p 00018000 08:06 5556                       /lib/x86_64-linux-gnu/libpthread-2.21.so
7f775c966000-7f775c967000 r--p 00018000 08:06 5556                       /lib/x86_64-linux-gnu/libpthread-2.21.so
7f775c967000-7f775c968000 rw-p 00019000 08:06 5556                       /lib/x86_64-linux-gnu/libpthread-2.21.so
7f775c968000-7f775c96c000 rw-p 00000000 00:00 0 
7f775c96c000-7f775c990000 r-xp 00000000 08:06 5574                       /lib/x86_64-linux-gnu/ld-2.21.so
7f775c990000-7f775c991000 r--s 00000000 08:06 1051140                    /var/cache/fontconfig/bab58bb527bb656aaa9f116d68a48d89-le64.cache-4
7f775c991000-7f775c992000 r--s 00000000 08:06 1051112                    /var/cache/fontconfig/56cf4f4769d0f4abc89a4895d7bd3ae1-le64.cache-4
7f775c992000-7f775c993000 r--s 00000000 08:06 1051099                    /var/cache/fontconfig/b9d506c9ac06c20b433354fa67a72993-le64.cache-4
7f775c993000-7f775c999000 r--s 00000000 08:06 1051092                    /var/cache/fontconfig/b47c4e1ecd0709278f4910c18777a504-le64.cache-4
7f775c999000-7f775ca2a000 rw-p 00000000 00:00 0 
7f775ca2a000-7f775ca5f000 r--s 00000000 08:06 1053774                    /var/cache/nscd/passwd
7f775ca5f000-7f775ca62000 ---p 00000000 00:00 0 
7f775ca62000-7f775cb64000 rw-p 00000000 00:00 0                          [stack:13194]
7f775cb64000-7f775cb67000 r--s 00000000 08:06 1051086                    /var/cache/fontconfig/e49e89034d371f0f9de17aab02136486-le64.cache-4
7f775cb67000-7f775cb69000 r--s 00000000 08:06 1051084                    /var/cache/fontconfig/4b14b093aebc79c320de5e86ae1d3314-le64.cache-4
7f775cb69000-7f775cb6a000 r--s 00000000 08:06 1051077                    /var/cache/fontconfig/551ecf3b0e8b0bca0f25c0944f561853-le64.cache-4
7f775cb6a000-7f775cb6b000 r--s 00000000 08:06 1051044                    /var/cache/fontconfig/0c9eb80ebd1c36541ebe2852d3bb0c49-le64.cache-4
7f775cb6b000-7f775cb6e000 r--s 00000000 08:06 1051043                    /var/cache/fontconfig/75114ca45c98e8a441da0ff356701271-le64.cache-4
7f775cb6e000-7f775cb72000 r--s 00000000 08:06 1049616                    /var/cache/fontconfig/7ef2298fde41cc6eeb7af42e48b7d293-le64.cache-4
7f775cb72000-7f775cb7e000 r--p 00000000 08:06 1573571                    /home/mn3m/.config/dconf/user
7f775cb7e000-7f775cb7f000 r--s 00000000 00:2b 27                         /run/user/1000/dconf/user
7f775cb7f000-7f775cb81000 r--s 0000d000 08:01 170430                     /media/mn3m/Windows OS/Users/mn3m/Documents/GitHub/OS-Project/OS Project/RXTXcomm.jar
7f775cb81000-7f775cb83000 r--s 0000d000 08:06 262504                     /usr/lib/jvm/java-8-oracle/jre/lib/ext/RXTXcomm.jar
7f775cb83000-7f775cb8b000 rw-s 00000000 08:06 1184817                    /tmp/hsperfdata_mn3m/13189
7f775cb8b000-7f775cb8c000 rw-p 00000000 00:00 0 
7f775cb8c000-7f775cb8d000 r--p 00000000 00:00 0 
7f775cb8d000-7f775cb8f000 rw-p 00000000 00:00 0 
7f775cb8f000-7f775cb90000 r--p 00023000 08:06 5574                       /lib/x86_64-linux-gnu/ld-2.21.so
7f775cb90000-7f775cb91000 rw-p 00024000 08:06 5574                       /lib/x86_64-linux-gnu/ld-2.21.so
7f775cb91000-7f775cb92000 rw-p 00000000 00:00 0 
7fffb9609000-7fffb962a000 rw-p 00000000 00:00 0                          [stack]
7fffb9683000-7fffb9685000 r--p 00000000 00:00 0                          [vvar]
7fffb9685000-7fffb9687000 r-xp 00000000 00:00 0                          [vdso]
ffffffffff600000-ffffffffff601000 r-xp 00000000 00:00 0                  [vsyscall]

VM Arguments:
jvm_args: -Dfile.encoding=UTF-8 
java_command: main_Package.Main_Frame
java_class_path (initial): /media/mn3m/Windows OS/Users/mn3m/Documents/GitHub/OS-Project/OS Project/RXTXcomm.jar:/media/mn3m/Windows OS/Users/mn3m/Documents/GitHub/OS-Project/OS Project/build/classes
Launcher Type: SUN_STANDARD

Environment Variables:
JAVA_HOME=/usr/lib/jvm/java-8-oracle/
CLASSPATH=.:/usr/local/lib/spl.jar:/opt/pi4j/lib/*
PATH=/usr/local/sbin:/usr/local/bin:/usr/sbin:/usr/bin:/sbin:/bin:/usr/games:/usr/local/games:/usr/share/swift/bin
LD_LIBRARY_PATH=/usr/lib/jvm/java-8-oracle/jre/lib/amd64:/usr/lib/jvm/java-8-oracle/jre/lib/i386:/usr/local/lib
SHELL=/bin/bash
DISPLAY=:0

Signal Handlers:
SIGSEGV: [libjvm.so+0xaba2a0], sa_mask[0]=11111111011111111101111111111110, sa_flags=SA_RESTART|SA_SIGINFO
SIGBUS: [libjvm.so+0xaba2a0], sa_mask[0]=11111111011111111101111111111110, sa_flags=SA_RESTART|SA_SIGINFO
SIGFPE: [libjvm.so+0x917710], sa_mask[0]=11111111011111111101111111111110, sa_flags=SA_RESTART|SA_SIGINFO
SIGPIPE: SIG_IGN, sa_mask[0]=00000000000010000000000000000000, sa_flags=SA_RESTART
SIGXFSZ: [libjvm.so+0x917710], sa_mask[0]=11111111011111111101111111111110, sa_flags=SA_RESTART|SA_SIGINFO
SIGILL: [libjvm.so+0x917710], sa_mask[0]=11111111011111111101111111111110, sa_flags=SA_RESTART|SA_SIGINFO
SIGUSR1: SIG_DFL, sa_mask[0]=00000000000000000000000000000000, sa_flags=none
SIGUSR2: [libjvm.so+0x918d40], sa_mask[0]=00100000000000000000000000000000, sa_flags=SA_RESTART|SA_SIGINFO
SIGHUP: [libjvm.so+0x91a140], sa_mask[0]=11111111011111111101111111111110, sa_flags=SA_RESTART|SA_SIGINFO
SIGINT: SIG_IGN, sa_mask[0]=00000000000000000000000000000000, sa_flags=none
SIGTERM: [libjvm.so+0x91a140], sa_mask[0]=11111111011111111101111111111110, sa_flags=SA_RESTART|SA_SIGINFO
SIGQUIT: [libjvm.so+0x91a140], sa_mask[0]=11111111011111111101111111111110, sa_flags=SA_RESTART|SA_SIGINFO


---------------  S Y S T E M  ---------------

OS:DISTRIB_ID=Ubuntu
DISTRIB_RELEASE=15.10
DISTRIB_CODENAME=wily
DISTRIB_DESCRIPTION="Ubuntu 15.10"

uname:Linux 4.2.0-35-generic #40-Ubuntu SMP Tue Mar 15 22:15:45 UTC 2016 x86_64
libc:glibc 2.21 NPTL 2.21 
rlimit: STACK 8192k, CORE 0k, NPROC 31581, NOFILE 65536, AS infinity
load average:5.35 2.48 1.58

/proc/meminfo:
MemTotal:        8121532 kB
MemFree:          119644 kB
MemAvailable:    5881052 kB
Buffers:         2875932 kB
Cached:          3017748 kB
SwapCached:           56 kB
Active:          2079160 kB
Inactive:        5544596 kB
Active(anon):    1051904 kB
Inactive(anon):   986496 kB
Active(file):    1027256 kB
Inactive(file):  4558100 kB
Unevictable:         144 kB
Mlocked:             144 kB
SwapTotal:       4194300 kB
SwapFree:        4187896 kB
Dirty:            437272 kB
Writeback:             0 kB
AnonPages:       1730496 kB
Mapped:           350548 kB
Shmem:            308044 kB
Slab:             256612 kB
SReclaimable:     218496 kB
SUnreclaim:        38116 kB
KernelStack:       10128 kB
PageTables:        34132 kB
NFS_Unstable:          0 kB
Bounce:                0 kB
WritebackTmp:          0 kB
CommitLimit:     8255064 kB
Committed_AS:    6149052 kB
VmallocTotal:   34359738367 kB
VmallocUsed:      564536 kB
VmallocChunk:   34358423548 kB
HardwareCorrupted:     0 kB
AnonHugePages:    776192 kB
CmaTotal:              0 kB
CmaFree:               0 kB
HugePages_Total:       0
HugePages_Free:        0
HugePages_Rsvd:        0
HugePages_Surp:        0
Hugepagesize:       2048 kB
DirectMap4k:      243968 kB
DirectMap2M:     8091648 kB


CPU:total 4 (2 cores per cpu, 2 threads per core) family 6 model 42 stepping 7, cmov, cx8, fxsr, mmx, sse, sse2, sse3, ssse3, sse4.1, sse4.2, popcnt, avx, aes, clmul, ht, tsc, tscinvbit

/proc/cpuinfo:
processor	: 0
vendor_id	: GenuineIntel
cpu family	: 6
model		: 42
model name	: Intel(R) Core(TM) i5-2410M CPU @ 2.30GHz
stepping	: 7
microcode	: 0x29
cpu MHz		: 2699.984
cache size	: 3072 KB
physical id	: 0
siblings	: 4
core id		: 0
cpu cores	: 2
apicid		: 0
initial apicid	: 0
fpu		: yes
fpu_exception	: yes
cpuid level	: 13
wp		: yes
flags		: fpu vme de pse tsc msr pae mce cx8 apic sep mtrr pge mca cmov pat pse36 clflush dts acpi mmx fxsr sse sse2 ss ht tm pbe syscall nx rdtscp lm constant_tsc arch_perfmon pebs bts rep_good nopl xtopology nonstop_tsc aperfmperf eagerfpu pni pclmulqdq dtes64 monitor ds_cpl vmx est tm2 ssse3 cx16 xtpr pdcm pcid sse4_1 sse4_2 x2apic popcnt tsc_deadline_timer aes xsave avx lahf_lm ida arat epb pln pts dtherm tpr_shadow vnmi flexpriority ept vpid xsaveopt
bugs		:
bogomips	: 4589.93
clflush size	: 64
cache_alignment	: 64
address sizes	: 36 bits physical, 48 bits virtual
power management:

processor	: 1
vendor_id	: GenuineIntel
cpu family	: 6
model		: 42
model name	: Intel(R) Core(TM) i5-2410M CPU @ 2.30GHz
stepping	: 7
microcode	: 0x29
cpu MHz		: 2699.984
cache size	: 3072 KB
physical id	: 0
siblings	: 4
core id		: 0
cpu cores	: 2
apicid		: 1
initial apicid	: 1
fpu		: yes
fpu_exception	: yes
cpuid level	: 13
wp		: yes
flags		: fpu vme de pse tsc msr pae mce cx8 apic sep mtrr pge mca cmov pat pse36 clflush dts acpi mmx fxsr sse sse2 ss ht tm pbe syscall nx rdtscp lm constant_tsc arch_perfmon pebs bts rep_good nopl xtopology nonstop_tsc aperfmperf eagerfpu pni pclmulqdq dtes64 monitor ds_cpl vmx est tm2 ssse3 cx16 xtpr pdcm pcid sse4_1 sse4_2 x2apic popcnt tsc_deadline_timer aes xsave avx lahf_lm ida arat epb pln pts dtherm tpr_shadow vnmi flexpriority ept vpid xsaveopt
bugs		:
bogomips	: 4589.93
clflush size	: 64
cache_alignment	: 64
address sizes	: 36 bits physical, 48 bits virtual
power management:

processor	: 2
vendor_id	: GenuineIntel
cpu family	: 6
model		: 42
model name	: Intel(R) Core(TM) i5-2410M CPU @ 2.30GHz
stepping	: 7
microcode	: 0x29
cpu MHz		: 2699.984
cache size	: 3072 KB
physical id	: 0
siblings	: 4
core id		: 1
cpu cores	: 2
apicid		: 2
initial apicid	: 2
fpu		: yes
fpu_exception	: yes
cpuid level	: 13
wp		: yes
flags		: fpu vme de pse tsc msr pae mce cx8 apic sep mtrr pge mca cmov pat pse36 clflush dts acpi mmx fxsr sse sse2 ss ht tm pbe syscall nx rdtscp lm constant_tsc arch_perfmon pebs bts rep_good nopl xtopology nonstop_tsc aperfmperf eagerfpu pni pclmulqdq dtes64 monitor ds_cpl vmx est tm2 ssse3 cx16 xtpr pdcm pcid sse4_1 sse4_2 x2apic popcnt tsc_deadline_timer aes xsave avx lahf_lm ida arat epb pln pts dtherm tpr_shadow vnmi flexpriority ept vpid xsaveopt
bugs		:
bogomips	: 4589.93
clflush size	: 64
cache_alignment	: 64
address sizes	: 36 bits physical, 48 bits virtual
power management:

processor	: 3
vendor_id	: GenuineIntel
cpu family	: 6
model		: 42
model name	: Intel(R) Core(TM) i5-2410M CPU @ 2.30GHz
stepping	: 7
microcode	: 0x29
cpu MHz		: 2699.984
cache size	: 3072 KB
physical id	: 0
siblings	: 4
core id		: 1
cpu cores	: 2
apicid		: 3
initial apicid	: 3
fpu		: yes
fpu_exception	: yes
cpuid level	: 13
wp		: yes
flags		: fpu vme de pse tsc msr pae mce cx8 apic sep mtrr pge mca cmov pat pse36 clflush dts acpi mmx fxsr sse sse2 ss ht tm pbe syscall nx rdtscp lm constant_tsc arch_perfmon pebs bts rep_good nopl xtopology nonstop_tsc aperfmperf eagerfpu pni pclmulqdq dtes64 monitor ds_cpl vmx est tm2 ssse3 cx16 xtpr pdcm pcid sse4_1 sse4_2 x2apic popcnt tsc_deadline_timer aes xsave avx lahf_lm ida arat epb pln pts dtherm tpr_shadow vnmi flexpriority ept vpid xsaveopt
bugs		:
bogomips	: 4589.93
clflush size	: 64
cache_alignment	: 64
address sizes	: 36 bits physical, 48 bits virtual
power management:



Memory: 4k page, physical 8121532k(119232k free), swap 4194300k(4187896k free)

vm_info: Java HotSpot(TM) 64-Bit Server VM (25.66-b17) for linux-amd64 JRE (1.8.0_66-b17), built on Oct  6 2015 17:28:34 by "java_re" with gcc 4.3.0 20080428 (Red Hat 4.3.0-8)

time: Mon May  9 23:31:29 2016
elapsed time: 10 seconds (0d 0h 0m 10s)

